17:23:13.880 [main] INFO  org.testng.internal.Utils - [Utils] MethodGroupsHelper.collectMethodsByGroup() took 0 ms.
17:23:13.882 [main] INFO  org.testng.internal.Utils - [Utils] MethodGroupsHelper.sortMethods() took 0 ms.
17:23:13.883 [main] INFO  org.testng.internal.Utils - [Utils] MethodGroupsHelper.collectMethodsByGroup() took 0 ms.
17:23:13.883 [main] INFO  org.testng.internal.Utils - [Utils] MethodGroupsHelper.sortMethods() took 0 ms.
17:23:13.883 [main] INFO  org.testng.internal.Utils - [Utils] MethodGroupsHelper.collectMethodsByGroup() took 0 ms.
17:23:13.883 [main] INFO  org.testng.internal.Utils - [Utils] MethodGroupsHelper.sortMethods() took 0 ms.
17:23:13.883 [main] INFO  org.testng.internal.Utils - [Utils] MethodGroupsHelper.collectMethodsByGroup() took 0 ms.
17:23:13.883 [main] INFO  org.testng.internal.Utils - [Utils] MethodGroupsHelper.sortMethods() took 0 ms.
17:23:13.886 [main] INFO  org.testng.internal.Utils - [Utils] MethodGroupsHelper.collectMethodsByGroup() took 1 ms.
17:23:13.889 [main] INFO  org.testng.internal.Utils - [Utils] MethodGroupsHelper.sortMethods() took 2 ms.
17:23:13.889 [main] INFO  org.testng.internal.Utils - [Utils] MethodGroupsHelper.collectMethodsByGroup() took 0 ms.
17:23:13.889 [main] INFO  org.testng.internal.Utils - [Utils] MethodGroupsHelper.sortMethods() took 0 ms.
17:23:13.890 [main] INFO  org.testng.internal.Utils - [Utils] MethodGroupsHelper.collectMethodsByGroup() took 0 ms.
17:23:13.890 [main] INFO  org.testng.internal.Utils - [Utils] MethodGroupsHelper.sortMethods() took 0 ms.
17:23:13.890 [main] INFO  org.testng.internal.Utils - [Utils] MethodGroupsHelper.collectMethodsByGroup() took 0 ms.
17:23:13.890 [main] INFO  org.testng.internal.Utils - [Utils] MethodGroupsHelper.sortMethods() took 0 ms.
17:23:13.891 [main] INFO  org.testng.internal.Utils - [Utils] MethodGroupsHelper.collectMethodsByGroup() took 0 ms.
17:23:13.891 [main] INFO  org.testng.internal.Utils - [Utils] MethodGroupsHelper.sortMethods() took 0 ms.
17:23:13.892 [main] INFO  org.testng.internal.Utils - [Utils] MethodGroupsHelper.collectMethodsByGroup() took 0 ms.
17:23:13.892 [main] INFO  org.testng.internal.Utils - [Utils] MethodGroupsHelper.sortMethods() took 0 ms.
17:23:13.892 [main] INFO  org.testng.internal.Utils - [Utils] MethodGroupsHelper.collectMethodsByGroup() took 0 ms.
17:23:13.892 [main] INFO  org.testng.internal.Utils - [Utils] MethodGroupsHelper.sortMethods() took 0 ms.
17:23:13.892 [main] INFO  org.testng.internal.Utils - [Utils] MethodGroupsHelper.collectMethodsByGroup() took 0 ms.
17:23:13.892 [main] INFO  org.testng.internal.Utils - [Utils] MethodGroupsHelper.sortMethods() took 0 ms.
17:23:13.892 [main] INFO  org.testng.internal.Utils - [Utils] MethodGroupsHelper.collectMethodsByGroup() took 0 ms.
17:23:13.893 [main] INFO  org.testng.internal.Utils - [Utils] MethodGroupsHelper.sortMethods() took 0 ms.
17:23:13.893 [main] INFO  org.testng.internal.Utils - [Utils] MethodGroupsHelper.collectMethodsByGroup() took 0 ms.
17:23:13.893 [main] INFO  org.testng.internal.Utils - [Utils] MethodGroupsHelper.sortMethods() took 0 ms.
17:23:13.893 [main] INFO  org.testng.internal.Utils - [Utils] MethodGroupsHelper.collectMethodsByGroup() took 0 ms.
17:23:13.893 [main] INFO  org.testng.internal.Utils - [Utils] MethodGroupsHelper.sortMethods() took 0 ms.
17:23:13.896 [main] INFO  org.testng.internal.Utils - [TestNG] Running:
  /private/var/folders/hj/crplq8_114z0y94r41c85gdc0000gn/T/testng-eclipse--753077170/testng-customsuite.xml

17:23:13.904 [main] INFO  org.testng.internal.Utils - [Utils] DynamicGraphHelper.createDynamicGraph() took 1 ms.
17:23:16.286 [main] INFO  testCases.TC001_AccountRegistrationTest - **** Starting TC001_AccountRegistrationTest ****
17:23:16.330 [main] INFO  testCases.TC001_AccountRegistrationTest - clicked on MyAccount link....
17:23:16.641 [main] INFO  testCases.TC001_AccountRegistrationTest - clicked on Register link....
17:23:16.644 [main] INFO  testCases.TC001_AccountRegistrationTest - Providing customer details.... 
17:23:16.902 [main] INFO  testCases.TC001_AccountRegistrationTest - Validating expected message....
17:23:18.050 [main] INFO  testCases.TC001_AccountRegistrationTest - **** Finished TC001_AccountRegistrationTest ****
17:23:18.178 [main] INFO  org.testng.internal.Utils - [TestNG] Time taken by org.testng.reporters.SuiteHTMLReporter@3b152928: 5 ms
17:23:18.194 [main] INFO  org.testng.internal.Utils - [TestNG] Time taken by org.testng.reporters.jq.Main@47c64cfe: 15 ms
17:23:18.194 [main] INFO  org.testng.internal.Utils - [TestNG] Time taken by org.testng.reporters.FailedReporter@6ce90bc5: 0 ms
17:23:18.196 [main] INFO  org.testng.internal.Utils - [TestNG] Time taken by org.testng.reporters.XMLReporter@7c28c1: 2 ms
17:23:18.198 [main] INFO  org.testng.internal.Utils - [TestNG] Time taken by org.testng.reporters.EmailableReporter2@332f25c8: 2 ms
17:23:18.199 [main] INFO  org.testng.internal.Utils - [TestNG] Time taken by org.testng.reporters.JUnitReportReporter@69cac930: 1 ms
17:23:18.199 [main] INFO  org.testng.internal.Utils - [TestNG] Time taken by org.testng.internal.ExitCodeListener@19593091: 0 ms
17:34:31.412 [main] DEBUG org.testng.TestNG - suiteXmlPath: "/var/folders/hj/crplq8_114z0y94r41c85gdc0000gn/T/testng-eclipse--1420834339/testng-customsuite.xml"
17:34:31.507 [main] INFO  org.testng.internal.Utils - [Utils] MethodGroupsHelper.collectMethodsByGroup() took 0 ms.
17:34:31.508 [main] INFO  org.testng.internal.Utils - [Utils] MethodGroupsHelper.sortMethods() took 0 ms.
17:34:31.509 [main] INFO  org.testng.internal.Utils - [Utils] MethodGroupsHelper.collectMethodsByGroup() took 0 ms.
17:34:31.509 [main] INFO  org.testng.internal.Utils - [Utils] MethodGroupsHelper.sortMethods() took 0 ms.
17:34:31.509 [main] INFO  org.testng.internal.Utils - [Utils] MethodGroupsHelper.collectMethodsByGroup() took 0 ms.
17:34:31.510 [main] INFO  org.testng.internal.Utils - [Utils] MethodGroupsHelper.sortMethods() took 0 ms.
17:34:31.510 [main] INFO  org.testng.internal.Utils - [Utils] MethodGroupsHelper.collectMethodsByGroup() took 0 ms.
17:34:31.510 [main] INFO  org.testng.internal.Utils - [Utils] MethodGroupsHelper.sortMethods() took 0 ms.
17:34:31.512 [main] INFO  org.testng.internal.Utils - [Utils] MethodGroupsHelper.collectMethodsByGroup() took 2 ms.
17:34:31.516 [main] INFO  org.testng.internal.Utils - [Utils] MethodGroupsHelper.sortMethods() took 3 ms.
17:34:31.517 [main] INFO  org.testng.internal.Utils - [Utils] MethodGroupsHelper.collectMethodsByGroup() took 0 ms.
17:34:31.517 [main] INFO  org.testng.internal.Utils - [Utils] MethodGroupsHelper.sortMethods() took 0 ms.
17:34:31.518 [main] INFO  org.testng.internal.Utils - [Utils] MethodGroupsHelper.collectMethodsByGroup() took 0 ms.
17:34:31.518 [main] INFO  org.testng.internal.Utils - [Utils] MethodGroupsHelper.sortMethods() took 0 ms.
17:34:31.518 [main] INFO  org.testng.internal.Utils - [Utils] MethodGroupsHelper.collectMethodsByGroup() took 0 ms.
17:34:31.518 [main] INFO  org.testng.internal.Utils - [Utils] MethodGroupsHelper.sortMethods() took 0 ms.
17:34:31.519 [main] INFO  org.testng.internal.Utils - [Utils] MethodGroupsHelper.collectMethodsByGroup() took 0 ms.
17:34:31.519 [main] INFO  org.testng.internal.Utils - [Utils] MethodGroupsHelper.sortMethods() took 0 ms.
17:34:31.520 [main] INFO  org.testng.internal.Utils - [Utils] MethodGroupsHelper.collectMethodsByGroup() took 0 ms.
17:34:31.520 [main] INFO  org.testng.internal.Utils - [Utils] MethodGroupsHelper.sortMethods() took 0 ms.
17:34:31.520 [main] INFO  org.testng.internal.Utils - [Utils] MethodGroupsHelper.collectMethodsByGroup() took 0 ms.
17:34:31.520 [main] INFO  org.testng.internal.Utils - [Utils] MethodGroupsHelper.sortMethods() took 0 ms.
17:34:31.520 [main] INFO  org.testng.internal.Utils - [Utils] MethodGroupsHelper.collectMethodsByGroup() took 0 ms.
17:34:31.520 [main] INFO  org.testng.internal.Utils - [Utils] MethodGroupsHelper.sortMethods() took 0 ms.
17:34:31.521 [main] INFO  org.testng.internal.Utils - [Utils] MethodGroupsHelper.collectMethodsByGroup() took 0 ms.
17:34:31.521 [main] INFO  org.testng.internal.Utils - [Utils] MethodGroupsHelper.sortMethods() took 0 ms.
17:34:31.522 [main] INFO  org.testng.internal.Utils - [Utils] MethodGroupsHelper.collectMethodsByGroup() took 0 ms.
17:34:31.522 [main] INFO  org.testng.internal.Utils - [Utils] MethodGroupsHelper.sortMethods() took 0 ms.
17:34:31.522 [main] INFO  org.testng.internal.Utils - [Utils] MethodGroupsHelper.collectMethodsByGroup() took 0 ms.
17:34:31.522 [main] INFO  org.testng.internal.Utils - [Utils] MethodGroupsHelper.sortMethods() took 0 ms.
17:34:31.526 [main] INFO  org.testng.internal.Utils - [TestNG] Running:
  /private/var/folders/hj/crplq8_114z0y94r41c85gdc0000gn/T/testng-eclipse--1420834339/testng-customsuite.xml

17:34:31.535 [main] INFO  org.testng.internal.Utils - [Utils] DynamicGraphHelper.createDynamicGraph() took 1 ms.
17:34:34.141 [main] INFO  testCases.TC001_AccountRegistrationTest - **** Starting TC001_AccountRegistrationTest ****
17:34:34.191 [main] INFO  testCases.TC001_AccountRegistrationTest - clicked on MyAccount link....
17:34:34.513 [main] INFO  testCases.TC001_AccountRegistrationTest - clicked on Register link....
17:34:34.515 [main] INFO  testCases.TC001_AccountRegistrationTest - Providing customer details.... 
17:34:36.606 [main] INFO  testCases.TC001_AccountRegistrationTest - Validating expected message....
17:34:36.632 [main] ERROR testCases.TC001_AccountRegistrationTest - Test failed....
17:34:36.633 [main] DEBUG testCases.TC001_AccountRegistrationTest - debug log....
17:34:36.785 [main] INFO  org.testng.internal.Utils - [TestNG] Time taken by org.testng.reporters.SuiteHTMLReporter@77128dab: 7 ms
17:34:36.803 [main] INFO  org.testng.internal.Utils - [TestNG] Time taken by org.testng.reporters.jq.Main@4b1abd11: 18 ms
17:34:36.807 [main] INFO  org.testng.internal.Utils - [TestNG] Time taken by org.testng.reporters.FailedReporter@5c20ffa8: 3 ms
17:34:36.811 [main] INFO  org.testng.internal.Utils - [TestNG] Time taken by org.testng.reporters.XMLReporter@18a645fd: 4 ms
17:34:36.813 [main] INFO  org.testng.internal.Utils - [TestNG] Time taken by org.testng.reporters.EmailableReporter2@6df7988f: 2 ms
17:34:36.816 [main] INFO  org.testng.internal.Utils - [TestNG] Time taken by org.testng.reporters.JUnitReportReporter@4aac85fa: 3 ms
17:34:36.816 [main] INFO  org.testng.internal.Utils - [TestNG] Time taken by org.testng.internal.ExitCodeListener@21fff664: 0 ms
17:44:44.239 [main] DEBUG org.testng.TestNG - suiteXmlPath: "/var/folders/hj/crplq8_114z0y94r41c85gdc0000gn/T/testng-eclipse-217285795/testng-customsuite.xml"
17:44:44.328 [main] INFO  org.testng.internal.Utils - [Utils] MethodGroupsHelper.collectMethodsByGroup() took 0 ms.
17:44:44.329 [main] INFO  org.testng.internal.Utils - [Utils] MethodGroupsHelper.sortMethods() took 0 ms.
17:44:44.329 [main] INFO  org.testng.internal.Utils - [Utils] MethodGroupsHelper.collectMethodsByGroup() took 0 ms.
17:44:44.330 [main] INFO  org.testng.internal.Utils - [Utils] MethodGroupsHelper.sortMethods() took 0 ms.
17:44:44.330 [main] INFO  org.testng.internal.Utils - [Utils] MethodGroupsHelper.collectMethodsByGroup() took 0 ms.
17:44:44.330 [main] INFO  org.testng.internal.Utils - [Utils] MethodGroupsHelper.sortMethods() took 0 ms.
17:44:44.330 [main] INFO  org.testng.internal.Utils - [Utils] MethodGroupsHelper.collectMethodsByGroup() took 0 ms.
17:44:44.330 [main] INFO  org.testng.internal.Utils - [Utils] MethodGroupsHelper.sortMethods() took 0 ms.
17:44:44.332 [main] INFO  org.testng.internal.Utils - [Utils] MethodGroupsHelper.collectMethodsByGroup() took 1 ms.
17:44:44.335 [main] INFO  org.testng.internal.Utils - [Utils] MethodGroupsHelper.sortMethods() took 3 ms.
17:44:44.336 [main] INFO  org.testng.internal.Utils - [Utils] MethodGroupsHelper.collectMethodsByGroup() took 0 ms.
17:44:44.336 [main] INFO  org.testng.internal.Utils - [Utils] MethodGroupsHelper.sortMethods() took 0 ms.
17:44:44.337 [main] INFO  org.testng.internal.Utils - [Utils] MethodGroupsHelper.collectMethodsByGroup() took 0 ms.
17:44:44.337 [main] INFO  org.testng.internal.Utils - [Utils] MethodGroupsHelper.sortMethods() took 0 ms.
17:44:44.337 [main] INFO  org.testng.internal.Utils - [Utils] MethodGroupsHelper.collectMethodsByGroup() took 0 ms.
17:44:44.337 [main] INFO  org.testng.internal.Utils - [Utils] MethodGroupsHelper.sortMethods() took 0 ms.
17:44:44.338 [main] INFO  org.testng.internal.Utils - [Utils] MethodGroupsHelper.collectMethodsByGroup() took 0 ms.
17:44:44.338 [main] INFO  org.testng.internal.Utils - [Utils] MethodGroupsHelper.sortMethods() took 0 ms.
17:44:44.338 [main] INFO  org.testng.internal.Utils - [Utils] MethodGroupsHelper.collectMethodsByGroup() took 0 ms.
17:44:44.338 [main] INFO  org.testng.internal.Utils - [Utils] MethodGroupsHelper.sortMethods() took 0 ms.
17:44:44.339 [main] INFO  org.testng.internal.Utils - [Utils] MethodGroupsHelper.collectMethodsByGroup() took 0 ms.
17:44:44.339 [main] INFO  org.testng.internal.Utils - [Utils] MethodGroupsHelper.sortMethods() took 0 ms.
17:44:44.339 [main] INFO  org.testng.internal.Utils - [Utils] MethodGroupsHelper.collectMethodsByGroup() took 0 ms.
17:44:44.339 [main] INFO  org.testng.internal.Utils - [Utils] MethodGroupsHelper.sortMethods() took 0 ms.
17:44:44.339 [main] INFO  org.testng.internal.Utils - [Utils] MethodGroupsHelper.collectMethodsByGroup() took 0 ms.
17:44:44.340 [main] INFO  org.testng.internal.Utils - [Utils] MethodGroupsHelper.sortMethods() took 0 ms.
17:44:44.340 [main] INFO  org.testng.internal.Utils - [Utils] MethodGroupsHelper.collectMethodsByGroup() took 0 ms.
17:44:44.340 [main] INFO  org.testng.internal.Utils - [Utils] MethodGroupsHelper.sortMethods() took 0 ms.
17:44:44.340 [main] INFO  org.testng.internal.Utils - [Utils] MethodGroupsHelper.collectMethodsByGroup() took 0 ms.
17:44:44.340 [main] INFO  org.testng.internal.Utils - [Utils] MethodGroupsHelper.sortMethods() took 0 ms.
17:44:44.343 [main] INFO  org.testng.internal.Utils - [TestNG] Running:
  /private/var/folders/hj/crplq8_114z0y94r41c85gdc0000gn/T/testng-eclipse-217285795/testng-customsuite.xml

17:44:44.351 [main] INFO  org.testng.internal.Utils - [Utils] DynamicGraphHelper.createDynamicGraph() took 1 ms.
17:44:47.001 [main] INFO  testCases.TC001_AccountRegistrationTest - **** Starting TC001_AccountRegistrationTest ****
17:44:47.070 [main] INFO  testCases.TC001_AccountRegistrationTest - clicked on MyAccount link....
17:44:47.382 [main] INFO  testCases.TC001_AccountRegistrationTest - clicked on Register link....
17:44:47.384 [main] INFO  testCases.TC001_AccountRegistrationTest - Providing customer details.... 
17:44:48.433 [main] INFO  testCases.TC001_AccountRegistrationTest - Validating expected message....
17:44:48.456 [main] INFO  testCases.TC001_AccountRegistrationTest - **** Finished TC001_AccountRegistrationTest ****
17:44:48.602 [main] INFO  org.testng.internal.Utils - [TestNG] Time taken by org.testng.reporters.SuiteHTMLReporter@3b152928: 6 ms
17:44:48.616 [main] INFO  org.testng.internal.Utils - [TestNG] Time taken by org.testng.reporters.jq.Main@47c64cfe: 14 ms
17:44:48.616 [main] INFO  org.testng.internal.Utils - [TestNG] Time taken by org.testng.reporters.FailedReporter@6ce90bc5: 0 ms
17:44:48.618 [main] INFO  org.testng.internal.Utils - [TestNG] Time taken by org.testng.reporters.XMLReporter@7c28c1: 2 ms
17:44:48.620 [main] INFO  org.testng.internal.Utils - [TestNG] Time taken by org.testng.reporters.EmailableReporter2@332f25c8: 2 ms
17:44:48.621 [main] INFO  org.testng.internal.Utils - [TestNG] Time taken by org.testng.reporters.JUnitReportReporter@69cac930: 1 ms
17:44:48.621 [main] INFO  org.testng.internal.Utils - [TestNG] Time taken by org.testng.internal.ExitCodeListener@19593091: 0 ms
20:15:17.027 [main] INFO  org.testng.internal.Utils - [Utils] MethodGroupsHelper.collectMethodsByGroup() took 0 ms.
20:15:17.029 [main] INFO  org.testng.internal.Utils - [Utils] MethodGroupsHelper.sortMethods() took 0 ms.
20:15:17.029 [main] INFO  org.testng.internal.Utils - [Utils] MethodGroupsHelper.collectMethodsByGroup() took 0 ms.
20:15:17.029 [main] INFO  org.testng.internal.Utils - [Utils] MethodGroupsHelper.sortMethods() took 0 ms.
20:15:17.030 [main] INFO  org.testng.internal.Utils - [Utils] MethodGroupsHelper.collectMethodsByGroup() took 0 ms.
20:15:17.030 [main] INFO  org.testng.internal.Utils - [Utils] MethodGroupsHelper.sortMethods() took 0 ms.
20:15:17.030 [main] INFO  org.testng.internal.Utils - [Utils] MethodGroupsHelper.collectMethodsByGroup() took 0 ms.
20:15:17.030 [main] INFO  org.testng.internal.Utils - [Utils] MethodGroupsHelper.sortMethods() took 0 ms.
20:15:17.033 [main] INFO  org.testng.internal.Utils - [Utils] MethodGroupsHelper.collectMethodsByGroup() took 2 ms.
20:15:17.036 [main] INFO  org.testng.internal.Utils - [Utils] MethodGroupsHelper.sortMethods() took 2 ms.
20:15:17.037 [main] INFO  org.testng.internal.Utils - [Utils] MethodGroupsHelper.collectMethodsByGroup() took 0 ms.
20:15:17.037 [main] INFO  org.testng.internal.Utils - [Utils] MethodGroupsHelper.sortMethods() took 0 ms.
20:15:17.038 [main] INFO  org.testng.internal.Utils - [Utils] MethodGroupsHelper.collectMethodsByGroup() took 0 ms.
20:15:17.038 [main] INFO  org.testng.internal.Utils - [Utils] MethodGroupsHelper.sortMethods() took 0 ms.
20:15:17.038 [main] INFO  org.testng.internal.Utils - [Utils] MethodGroupsHelper.collectMethodsByGroup() took 0 ms.
20:15:17.038 [main] INFO  org.testng.internal.Utils - [Utils] MethodGroupsHelper.sortMethods() took 0 ms.
20:15:17.039 [main] INFO  org.testng.internal.Utils - [Utils] MethodGroupsHelper.collectMethodsByGroup() took 0 ms.
20:15:17.039 [main] INFO  org.testng.internal.Utils - [Utils] MethodGroupsHelper.sortMethods() took 0 ms.
20:15:17.039 [main] INFO  org.testng.internal.Utils - [Utils] MethodGroupsHelper.collectMethodsByGroup() took 0 ms.
20:15:17.039 [main] INFO  org.testng.internal.Utils - [Utils] MethodGroupsHelper.sortMethods() took 0 ms.
20:15:17.039 [main] INFO  org.testng.internal.Utils - [Utils] MethodGroupsHelper.collectMethodsByGroup() took 0 ms.
20:15:17.039 [main] INFO  org.testng.internal.Utils - [Utils] MethodGroupsHelper.sortMethods() took 0 ms.
20:15:17.039 [main] INFO  org.testng.internal.Utils - [Utils] MethodGroupsHelper.collectMethodsByGroup() took 0 ms.
20:15:17.040 [main] INFO  org.testng.internal.Utils - [Utils] MethodGroupsHelper.sortMethods() took 0 ms.
20:15:17.040 [main] INFO  org.testng.internal.Utils - [Utils] MethodGroupsHelper.collectMethodsByGroup() took 0 ms.
20:15:17.040 [main] INFO  org.testng.internal.Utils - [Utils] MethodGroupsHelper.sortMethods() took 0 ms.
20:15:17.040 [main] INFO  org.testng.internal.Utils - [Utils] MethodGroupsHelper.collectMethodsByGroup() took 0 ms.
20:15:17.041 [main] INFO  org.testng.internal.Utils - [Utils] MethodGroupsHelper.sortMethods() took 0 ms.
20:15:17.041 [main] INFO  org.testng.internal.Utils - [Utils] MethodGroupsHelper.collectMethodsByGroup() took 0 ms.
20:15:17.041 [main] INFO  org.testng.internal.Utils - [Utils] MethodGroupsHelper.sortMethods() took 0 ms.
20:15:17.044 [main] INFO  org.testng.internal.Utils - [TestNG] Running:
  /private/var/folders/hj/crplq8_114z0y94r41c85gdc0000gn/T/testng-eclipse--1170294251/testng-customsuite.xml

20:15:17.052 [main] INFO  org.testng.internal.Utils - [Utils] DynamicGraphHelper.createDynamicGraph() took 1 ms.
20:15:21.887 [main] INFO  testCases.TC001_AccountRegistrationTest - **** Starting TC001_AccountRegistrationTest ****
20:15:21.937 [main] INFO  testCases.TC001_AccountRegistrationTest - clicked on MyAccount link....
20:15:22.263 [main] INFO  testCases.TC001_AccountRegistrationTest - clicked on Register link....
20:15:22.265 [main] INFO  testCases.TC001_AccountRegistrationTest - Providing customer details.... 
20:15:23.264 [main] INFO  testCases.TC001_AccountRegistrationTest - Validating expected message....
20:15:23.289 [main] INFO  testCases.TC001_AccountRegistrationTest - **** Finished TC001_AccountRegistrationTest ****
20:15:23.432 [main] INFO  org.testng.internal.Utils - [TestNG] Time taken by org.testng.reporters.SuiteHTMLReporter@3b152928: 6 ms
20:15:23.447 [main] INFO  org.testng.internal.Utils - [TestNG] Time taken by org.testng.reporters.jq.Main@47c64cfe: 15 ms
20:15:23.448 [main] INFO  org.testng.internal.Utils - [TestNG] Time taken by org.testng.reporters.FailedReporter@6ce90bc5: 1 ms
20:15:23.450 [main] INFO  org.testng.internal.Utils - [TestNG] Time taken by org.testng.reporters.XMLReporter@7c28c1: 2 ms
20:15:23.453 [main] INFO  org.testng.internal.Utils - [TestNG] Time taken by org.testng.reporters.EmailableReporter2@332f25c8: 3 ms
20:15:23.454 [main] INFO  org.testng.internal.Utils - [TestNG] Time taken by org.testng.reporters.JUnitReportReporter@69cac930: 1 ms
20:15:23.454 [main] INFO  org.testng.internal.Utils - [TestNG] Time taken by org.testng.internal.ExitCodeListener@19593091: 0 ms
20:55:58.293 [main] INFO  org.testng.internal.Utils - [TestNG] Running:
  /Users/madhavkharge/eclipse-workspace/SdetOpenCart/crossbrowsertesting.xml

20:56:12.309 [main] INFO  org.testng.internal.Utils - [TestNG] Running:
  /Users/madhavkharge/eclipse-workspace/SdetOpenCart/crossbrowsertesting.xml

20:56:34.433 [main] INFO  org.testng.internal.Utils - [TestNG] Running:
  /Users/madhavkharge/eclipse-workspace/SdetOpenCart/crossbrowsertesting.xml

20:56:45.223 [main] INFO  org.testng.internal.Utils - [TestNG] Running:
  /Users/madhavkharge/eclipse-workspace/SdetOpenCart/crossbrowsertesting.xml

20:57:08.445 [main] INFO  org.testng.internal.Utils - [TestNG] Running:
  /Users/madhavkharge/eclipse-workspace/SdetOpenCart/crossbrowsertesting.xml

21:11:39.375 [main] INFO  org.testng.internal.Utils - [TestNG] Running:
  /Users/madhavkharge/eclipse-workspace/SdetOpenCart/crossbrowsingtesting.xml

21:11:42.328 [main] INFO  testCases.TC001_AccountRegistrationTest - **** Starting TC001_AccountRegistrationTest ****
21:11:42.389 [main] INFO  testCases.TC001_AccountRegistrationTest - clicked on MyAccount link....
21:11:42.716 [main] INFO  testCases.TC001_AccountRegistrationTest - clicked on Register link....
21:11:42.717 [main] INFO  testCases.TC001_AccountRegistrationTest - Providing customer details.... 
21:11:44.021 [main] INFO  testCases.TC001_AccountRegistrationTest - Validating expected message....
21:11:44.044 [main] INFO  testCases.TC001_AccountRegistrationTest - **** Finished TC001_AccountRegistrationTest ****
21:13:07.153 [main] INFO  org.testng.internal.Utils - [TestNG] Running:
  /Users/madhavkharge/eclipse-workspace/SdetOpenCart/crossbrowsingtesting.xml

21:13:10.401 [main] INFO  testCases.TC001_AccountRegistrationTest - **** Starting TC001_AccountRegistrationTest ****
21:13:10.449 [main] INFO  testCases.TC001_AccountRegistrationTest - clicked on MyAccount link....
21:13:10.936 [main] INFO  testCases.TC001_AccountRegistrationTest - clicked on Register link....
21:13:10.938 [main] INFO  testCases.TC001_AccountRegistrationTest - Providing customer details.... 
21:13:11.852 [main] INFO  testCases.TC001_AccountRegistrationTest - Validating expected message....
21:13:11.880 [main] INFO  testCases.TC001_AccountRegistrationTest - **** Finished TC001_AccountRegistrationTest ****
21:16:31.381 [main] INFO  org.testng.internal.Utils - [TestNG] Running:
  /Users/madhavkharge/eclipse-workspace/SdetOpenCart/crossbrowsingtesting.xml

21:16:34.562 [main] INFO  testCases.TC001_AccountRegistrationTest - **** Starting TC001_AccountRegistrationTest ****
21:16:34.616 [main] INFO  testCases.TC001_AccountRegistrationTest - clicked on MyAccount link....
21:16:34.936 [main] INFO  testCases.TC001_AccountRegistrationTest - clicked on Register link....
21:16:34.938 [main] INFO  testCases.TC001_AccountRegistrationTest - Providing customer details.... 
21:16:36.011 [main] INFO  testCases.TC001_AccountRegistrationTest - Validating expected message....
21:16:36.039 [main] INFO  testCases.TC001_AccountRegistrationTest - **** Finished TC001_AccountRegistrationTest ****
21:16:40.683 [main] INFO  testCases.TC001_AccountRegistrationTest - **** Starting TC001_AccountRegistrationTest ****
21:16:40.949 [main] INFO  testCases.TC001_AccountRegistrationTest - clicked on MyAccount link....
21:16:41.421 [main] INFO  testCases.TC001_AccountRegistrationTest - clicked on Register link....
21:16:41.421 [main] INFO  testCases.TC001_AccountRegistrationTest - Providing customer details.... 
21:16:42.420 [main] INFO  testCases.TC001_AccountRegistrationTest - Validating expected message....
21:16:42.432 [main] INFO  testCases.TC001_AccountRegistrationTest - **** Finished TC001_AccountRegistrationTest ****
21:19:18.449 [main] INFO  org.testng.internal.Utils - [TestNG] Running:
  /Users/madhavkharge/eclipse-workspace/SdetOpenCart/crossbrowsingtesting.xml

21:19:22.270 [TestNG-tests-1] INFO  testCases.TC001_AccountRegistrationTest - **** Starting TC001_AccountRegistrationTest ****
21:19:22.453 [TestNG-tests-1] INFO  testCases.TC001_AccountRegistrationTest - clicked on MyAccount link....
21:19:22.910 [TestNG-tests-1] INFO  testCases.TC001_AccountRegistrationTest - clicked on Register link....
21:19:22.911 [TestNG-tests-1] INFO  testCases.TC001_AccountRegistrationTest - Providing customer details.... 
21:19:23.766 [TestNG-tests-3] INFO  testCases.TC001_AccountRegistrationTest - **** Starting TC001_AccountRegistrationTest ****
21:19:24.005 [TestNG-tests-3] INFO  testCases.TC001_AccountRegistrationTest - clicked on MyAccount link....
21:19:24.077 [TestNG-tests-1] INFO  testCases.TC001_AccountRegistrationTest - Validating expected message....
21:19:24.096 [TestNG-tests-1] INFO  testCases.TC001_AccountRegistrationTest - **** Finished TC001_AccountRegistrationTest ****
21:19:24.445 [TestNG-tests-3] INFO  testCases.TC001_AccountRegistrationTest - clicked on Register link....
21:19:24.445 [TestNG-tests-3] INFO  testCases.TC001_AccountRegistrationTest - Providing customer details.... 
21:19:25.721 [TestNG-tests-3] INFO  testCases.TC001_AccountRegistrationTest - Validating expected message....
21:19:25.733 [TestNG-tests-3] INFO  testCases.TC001_AccountRegistrationTest - **** Finished TC001_AccountRegistrationTest ****
21:37:22.235 [main] INFO  org.testng.internal.Utils - [TestNG] Running:
  /Users/madhavkharge/eclipse-workspace/SdetOpenCart/master.xml

21:37:25.239 [main] INFO  testCases.TC001_AccountRegistrationTest - **** Starting TC001_AccountRegistrationTest ****
21:37:25.293 [main] INFO  testCases.TC001_AccountRegistrationTest - clicked on MyAccount link....
21:37:25.604 [main] INFO  testCases.TC001_AccountRegistrationTest - clicked on Register link....
21:37:25.605 [main] INFO  testCases.TC001_AccountRegistrationTest - Providing customer details.... 
21:37:26.521 [main] INFO  testCases.TC001_AccountRegistrationTest - Validating expected message....
21:37:26.546 [main] INFO  testCases.TC001_AccountRegistrationTest - **** Finished TC001_AccountRegistrationTest ****
13:04:31.371 [main] INFO  org.testng.internal.Utils - [TestNG] Running:
  /Users/madhavkharge/eclipse-workspace/SdetOpenCart/master.xml

13:04:41.387 [main] INFO  org.testng.internal.Utils - [TestNG] Running:
  /Users/madhavkharge/eclipse-workspace/SdetOpenCart/master.xml

13:05:37.772 [main] INFO  org.testng.internal.Utils - [TestNG] Running:
  /Users/madhavkharge/eclipse-workspace/SdetOpenCart/master.xml

13:06:08.447 [main] INFO  org.testng.internal.Utils - [TestNG] Running:
  /Users/madhavkharge/eclipse-workspace/SdetOpenCart/master.xml

13:06:31.961 [main] INFO  org.testng.internal.Utils - [TestNG] Running:
  /Users/madhavkharge/eclipse-workspace/SdetOpenCart/master.xml

13:07:21.983 [main] INFO  org.testng.internal.Utils - [TestNG] Running:
  /Users/madhavkharge/eclipse-workspace/SdetOpenCart/master.xml

13:07:33.918 [main] INFO  testCases.TC001_AccountRegistrationTest - **** Starting TC001_AccountRegistrationTest ****
13:07:34.507 [main] INFO  testCases.TC001_AccountRegistrationTest - clicked on MyAccount link....
13:07:35.126 [main] INFO  testCases.TC001_AccountRegistrationTest - clicked on Register link....
13:07:35.128 [main] INFO  testCases.TC001_AccountRegistrationTest - Providing customer details.... 
13:07:36.205 [main] INFO  testCases.TC001_AccountRegistrationTest - Validating expected message....
13:07:36.232 [main] INFO  testCases.TC001_AccountRegistrationTest - **** Finished TC001_AccountRegistrationTest ****
13:08:37.390 [main] INFO  org.testng.internal.Utils - [TestNG] Running:
  /Users/madhavkharge/eclipse-workspace/SdetOpenCart/master.xml

13:08:49.535 [main] INFO  org.testng.internal.Utils - [TestNG] Running:
  /Users/madhavkharge/eclipse-workspace/SdetOpenCart/master.xml

13:09:58.625 [main] INFO  org.testng.internal.Utils - [TestNG] Running:
  /Users/madhavkharge/eclipse-workspace/SdetOpenCart/master.xml

13:14:21.131 [main] INFO  org.testng.internal.Utils - [TestNG] Running:
  /Users/madhavkharge/eclipse-workspace/SdetOpenCart/src/test/java/testCases/testng.xml

13:15:47.089 [main] INFO  org.testng.internal.Utils - [TestNG] Running:
  /Users/madhavkharge/eclipse-workspace/SdetOpenCart/master.xml

13:18:18.627 [main] INFO  org.testng.internal.Utils - [TestNG] Running:
  /Users/madhavkharge/eclipse-workspace/SdetOpenCart/master.xml

13:18:21.810 [main] INFO  testCases.TC002_LoginTest - **** Starting TC002_LoginTest ****
13:18:23.095 [main] INFO  testCases.TC002_LoginTest - **** Finished TC002_LoginTest ****
11:17:44.870 [main] INFO  org.testng.internal.Utils - [Utils] MethodGroupsHelper.collectMethodsByGroup() took 0 ms.
11:17:44.872 [main] INFO  org.testng.internal.Utils - [Utils] MethodGroupsHelper.sortMethods() took 0 ms.
11:17:44.872 [main] INFO  org.testng.internal.Utils - [Utils] MethodGroupsHelper.collectMethodsByGroup() took 0 ms.
11:17:44.872 [main] INFO  org.testng.internal.Utils - [Utils] MethodGroupsHelper.sortMethods() took 0 ms.
11:17:44.873 [main] INFO  org.testng.internal.Utils - [Utils] MethodGroupsHelper.collectMethodsByGroup() took 0 ms.
11:17:44.873 [main] INFO  org.testng.internal.Utils - [Utils] MethodGroupsHelper.sortMethods() took 0 ms.
11:17:44.873 [main] INFO  org.testng.internal.Utils - [Utils] MethodGroupsHelper.collectMethodsByGroup() took 0 ms.
11:17:44.873 [main] INFO  org.testng.internal.Utils - [Utils] MethodGroupsHelper.sortMethods() took 0 ms.
11:17:44.875 [main] INFO  org.testng.internal.Utils - [Utils] MethodGroupsHelper.collectMethodsByGroup() took 1 ms.
11:17:44.878 [main] INFO  org.testng.internal.Utils - [Utils] MethodGroupsHelper.sortMethods() took 3 ms.
11:17:44.879 [main] INFO  org.testng.internal.Utils - [Utils] MethodGroupsHelper.collectMethodsByGroup() took 0 ms.
11:17:44.879 [main] INFO  org.testng.internal.Utils - [Utils] MethodGroupsHelper.sortMethods() took 0 ms.
11:17:44.880 [main] INFO  org.testng.internal.Utils - [Utils] MethodGroupsHelper.collectMethodsByGroup() took 0 ms.
11:17:44.880 [main] INFO  org.testng.internal.Utils - [Utils] MethodGroupsHelper.sortMethods() took 0 ms.
11:17:44.880 [main] INFO  org.testng.internal.Utils - [Utils] MethodGroupsHelper.collectMethodsByGroup() took 0 ms.
11:17:44.880 [main] INFO  org.testng.internal.Utils - [Utils] MethodGroupsHelper.sortMethods() took 0 ms.
11:17:44.882 [main] INFO  org.testng.internal.Utils - [Utils] MethodGroupsHelper.collectMethodsByGroup() took 0 ms.
11:17:44.882 [main] INFO  org.testng.internal.Utils - [Utils] MethodGroupsHelper.sortMethods() took 0 ms.
11:17:44.883 [main] INFO  org.testng.internal.Utils - [Utils] MethodGroupsHelper.collectMethodsByGroup() took 0 ms.
11:17:44.883 [main] INFO  org.testng.internal.Utils - [Utils] MethodGroupsHelper.sortMethods() took 0 ms.
11:17:44.883 [main] INFO  org.testng.internal.Utils - [Utils] MethodGroupsHelper.collectMethodsByGroup() took 0 ms.
11:17:44.883 [main] INFO  org.testng.internal.Utils - [Utils] MethodGroupsHelper.sortMethods() took 0 ms.
11:17:44.883 [main] INFO  org.testng.internal.Utils - [Utils] MethodGroupsHelper.collectMethodsByGroup() took 0 ms.
11:17:44.883 [main] INFO  org.testng.internal.Utils - [Utils] MethodGroupsHelper.sortMethods() took 0 ms.
11:17:44.884 [main] INFO  org.testng.internal.Utils - [Utils] MethodGroupsHelper.collectMethodsByGroup() took 0 ms.
11:17:44.884 [main] INFO  org.testng.internal.Utils - [Utils] MethodGroupsHelper.sortMethods() took 0 ms.
11:17:44.885 [main] INFO  org.testng.internal.Utils - [Utils] MethodGroupsHelper.collectMethodsByGroup() took 0 ms.
11:17:44.885 [main] INFO  org.testng.internal.Utils - [Utils] MethodGroupsHelper.sortMethods() took 0 ms.
11:17:44.885 [main] INFO  org.testng.internal.Utils - [Utils] MethodGroupsHelper.collectMethodsByGroup() took 0 ms.
11:17:44.885 [main] INFO  org.testng.internal.Utils - [Utils] MethodGroupsHelper.sortMethods() took 0 ms.
11:17:44.887 [main] INFO  org.testng.internal.Utils - [TestNG] Running:
  /private/var/folders/hj/crplq8_114z0y94r41c85gdc0000gn/T/testng-eclipse--1874306415/testng-customsuite.xml

11:17:44.894 [main] INFO  org.testng.internal.Utils - [Utils] DynamicGraphHelper.createDynamicGraph() took 1 ms.
11:17:44.954 [main] INFO  org.testng.internal.Utils - [TestNG] Time taken by org.testng.reporters.SuiteHTMLReporter@49cb9cb5: 10 ms
11:17:44.976 [main] INFO  org.testng.internal.Utils - [TestNG] Time taken by org.testng.reporters.jq.Main@305a0c5f: 22 ms
11:17:44.981 [main] INFO  org.testng.internal.Utils - [TestNG] Time taken by org.testng.reporters.FailedReporter@340b9973: 5 ms
11:17:44.986 [main] INFO  org.testng.internal.Utils - [TestNG] Time taken by org.testng.reporters.XMLReporter@53d102a2: 5 ms
11:17:44.990 [main] INFO  org.testng.internal.Utils - [TestNG] Time taken by org.testng.reporters.EmailableReporter2@6ebf0f36: 3 ms
11:17:44.993 [main] INFO  org.testng.internal.Utils - [TestNG] Time taken by org.testng.reporters.JUnitReportReporter@39a8312f: 3 ms
11:17:44.993 [main] INFO  org.testng.internal.Utils - [TestNG] Time taken by org.testng.internal.ExitCodeListener@5f6722d3: 0 ms
11:18:15.014 [main] INFO  org.testng.internal.Utils - [TestNG] Running:
  /Users/madhavkharge/eclipse-workspace/SdetOpenCart/master.xml

11:18:19.023 [main] INFO  testCases.TC002_LoginTest - **** Starting TC002_LoginTest ****
11:18:20.047 [main] INFO  testCases.TC002_LoginTest - **** Finished TC002_LoginTest ****
13:06:36.413 [main] INFO  org.testng.internal.Utils - [TestNG] Running:
  /Users/madhavkharge/eclipse-workspace/SdetOpenCart/master.xml

13:06:41.638 [main] WARN  org.apache.poi.openxml4j.opc.OPCPackage - Unable to call close() on a package that hasn't been fully opened yet
13:07:03.062 [main] INFO  org.testng.internal.Utils - [TestNG] Running:
  /Users/madhavkharge/eclipse-workspace/SdetOpenCart/master.xml

13:07:05.411 [main] WARN  org.apache.poi.openxml4j.opc.OPCPackage - Unable to call close() on a package that hasn't been fully opened yet
13:07:52.832 [main] INFO  org.testng.internal.Utils - [TestNG] Running:
  /Users/madhavkharge/eclipse-workspace/SdetOpenCart/master.xml

13:07:55.990 [main] WARN  org.apache.poi.openxml4j.opc.OPCPackage - Unable to call close() on a package that hasn't been fully opened yet
13:08:47.819 [main] INFO  org.testng.internal.Utils - [TestNG] Running:
  /Users/madhavkharge/eclipse-workspace/SdetOpenCart/master.xml

13:08:50.513 [main] WARN  org.apache.poi.openxml4j.opc.OPCPackage - Unable to call close() on a package that hasn't been fully opened yet
13:11:55.327 [main] INFO  org.testng.internal.Utils - [TestNG] Running:
  /Users/madhavkharge/eclipse-workspace/SdetOpenCart/master.xml

13:11:58.122 [main] WARN  org.apache.poi.openxml4j.opc.OPCPackage - Unable to call close() on a package that hasn't been fully opened yet
13:13:34.571 [main] INFO  org.testng.internal.Utils - [TestNG] Running:
  /Users/madhavkharge/eclipse-workspace/SdetOpenCart/master.xml

13:28:25.254 [main] INFO  org.testng.internal.Utils - [TestNG] Running:
  /Users/madhavkharge/eclipse-workspace/SdetOpenCart/master.xml

13:30:02.230 [main] INFO  org.testng.internal.Utils - [TestNG] Running:
  /Users/madhavkharge/eclipse-workspace/SdetOpenCart/master.xml

13:30:43.867 [main] INFO  org.testng.internal.Utils - [TestNG] Running:
  /Users/madhavkharge/eclipse-workspace/SdetOpenCart/master.xml

13:31:57.897 [main] INFO  org.testng.internal.Utils - [TestNG] Running:
  /Users/madhavkharge/eclipse-workspace/SdetOpenCart/master.xml

13:33:03.048 [main] INFO  org.testng.internal.Utils - [TestNG] Running:
  /Users/madhavkharge/eclipse-workspace/SdetOpenCart/master.xml

13:33:05.783 [main] INFO  testCases.TC003_LoginDDT - ***** Starting TC003_LoginDDT *****
13:33:11.229 [main] INFO  testCases.TC003_LoginDDT - ***** finished TC003_LoginDDT *****
13:33:11.335 [main] INFO  testCases.TC003_LoginDDT - ***** Starting TC003_LoginDDT *****
13:33:11.340 [main] INFO  testCases.TC003_LoginDDT - ***** Starting TC003_LoginDDT *****
13:33:11.342 [main] INFO  testCases.TC003_LoginDDT - ***** Starting TC003_LoginDDT *****
13:33:11.345 [main] INFO  testCases.TC003_LoginDDT - ***** Starting TC003_LoginDDT *****
13:37:35.777 [main] INFO  org.testng.internal.Utils - [TestNG] Running:
  /Users/madhavkharge/eclipse-workspace/SdetOpenCart/master.xml

13:37:38.733 [main] INFO  testCases.TC003_LoginDDT - ***** Starting TC003_LoginDDT *****
13:37:44.886 [main] INFO  testCases.TC003_LoginDDT - ***** finished TC003_LoginDDT *****
13:37:44.992 [main] INFO  testCases.TC003_LoginDDT - ***** Starting TC003_LoginDDT *****
13:37:44.998 [main] INFO  testCases.TC003_LoginDDT - ***** Starting TC003_LoginDDT *****
13:37:45.000 [main] INFO  testCases.TC003_LoginDDT - ***** Starting TC003_LoginDDT *****
13:37:45.002 [main] INFO  testCases.TC003_LoginDDT - ***** Starting TC003_LoginDDT *****
13:40:42.507 [main] INFO  org.testng.internal.Utils - [TestNG] Running:
  /Users/madhavkharge/eclipse-workspace/SdetOpenCart/master.xml

13:40:45.633 [main] INFO  testCases.TC003_LoginDDT - ***** Starting TC003_LoginDDT *****
13:40:51.630 [main] INFO  testCases.TC003_LoginDDT - ***** finished TC003_LoginDDT *****
13:40:51.770 [main] INFO  testCases.TC003_LoginDDT - ***** Starting TC003_LoginDDT *****
13:40:51.785 [main] INFO  testCases.TC003_LoginDDT - ***** Starting TC003_LoginDDT *****
13:40:51.791 [main] INFO  testCases.TC003_LoginDDT - ***** Starting TC003_LoginDDT *****
13:40:51.794 [main] INFO  testCases.TC003_LoginDDT - ***** Starting TC003_LoginDDT *****
13:45:04.251 [main] INFO  org.testng.internal.Utils - [TestNG] Running:
  /Users/madhavkharge/eclipse-workspace/SdetOpenCart/master.xml

13:45:07.095 [main] INFO  testCases.TC003_LoginDDT - ***** Starting TC003_LoginDDT *****
13:45:12.448 [main] INFO  testCases.TC003_LoginDDT - ***** finished TC003_LoginDDT *****
13:45:12.548 [main] INFO  testCases.TC003_LoginDDT - ***** Starting TC003_LoginDDT *****
13:45:12.554 [main] INFO  testCases.TC003_LoginDDT - ***** Starting TC003_LoginDDT *****
13:45:12.558 [main] INFO  testCases.TC003_LoginDDT - ***** Starting TC003_LoginDDT *****
13:45:12.560 [main] INFO  testCases.TC003_LoginDDT - ***** Starting TC003_LoginDDT *****
13:51:10.389 [main] INFO  org.testng.internal.Utils - [TestNG] Running:
  /Users/madhavkharge/eclipse-workspace/SdetOpenCart/master.xml

13:51:13.573 [main] INFO  testCases.TC003_LoginDDT - ***** Starting TC003_LoginDDT *****
13:51:18.954 [main] INFO  testCases.TC003_LoginDDT - ***** finished TC003_LoginDDT *****
13:51:19.058 [main] INFO  testCases.TC003_LoginDDT - ***** Starting TC003_LoginDDT *****
13:51:19.070 [main] INFO  testCases.TC003_LoginDDT - ***** Starting TC003_LoginDDT *****
13:51:19.110 [main] INFO  testCases.TC003_LoginDDT - ***** Starting TC003_LoginDDT *****
13:51:19.117 [main] INFO  testCases.TC003_LoginDDT - ***** Starting TC003_LoginDDT *****
14:01:46.055 [main] INFO  org.testng.internal.Utils - [TestNG] Running:
  /Users/madhavkharge/eclipse-workspace/SdetOpenCart/master.xml

14:01:49.035 [main] INFO  testCases.TC003_LoginDDT - ***** Starting TC003_LoginDDT *****
14:01:57.461 [main] INFO  testCases.TC003_LoginDDT - ***** finished TC003_LoginDDT *****
14:01:57.568 [main] INFO  testCases.TC003_LoginDDT - ***** Starting TC003_LoginDDT *****
14:01:57.574 [main] INFO  testCases.TC003_LoginDDT - ***** Starting TC003_LoginDDT *****
14:01:57.578 [main] INFO  testCases.TC003_LoginDDT - ***** Starting TC003_LoginDDT *****
14:01:57.582 [main] INFO  testCases.TC003_LoginDDT - ***** Starting TC003_LoginDDT *****
14:09:54.140 [main] INFO  org.testng.internal.Utils - [TestNG] Running:
  /Users/madhavkharge/eclipse-workspace/SdetOpenCart/master.xml

14:09:58.492 [main] INFO  testCases.TC003_LoginDDT - ***** Starting TC003_LoginDDT *****
14:10:07.474 [main] INFO  testCases.TC003_LoginDDT - ***** finished TC003_LoginDDT *****
14:10:07.591 [main] INFO  testCases.TC003_LoginDDT - ***** Starting TC003_LoginDDT *****
14:10:07.598 [main] INFO  testCases.TC003_LoginDDT - ***** Starting TC003_LoginDDT *****
14:10:07.603 [main] INFO  testCases.TC003_LoginDDT - ***** Starting TC003_LoginDDT *****
14:10:07.609 [main] INFO  testCases.TC003_LoginDDT - ***** Starting TC003_LoginDDT *****
15:28:34.333 [main] INFO  org.testng.internal.Utils - [TestNG] Running:
  /Users/madhavkharge/eclipse-workspace/SdetOpenCart/master.xml

15:28:38.624 [main] INFO  testCases.TC003_LoginDDT - ***** Starting TC003_LoginDDT *****
15:28:47.080 [main] INFO  testCases.TC003_LoginDDT - ***** finished TC003_LoginDDT *****
15:28:47.199 [main] INFO  testCases.TC003_LoginDDT - ***** Starting TC003_LoginDDT *****
15:28:47.204 [main] INFO  testCases.TC003_LoginDDT - ***** Starting TC003_LoginDDT *****
15:28:47.208 [main] INFO  testCases.TC003_LoginDDT - ***** Starting TC003_LoginDDT *****
15:28:47.210 [main] INFO  testCases.TC003_LoginDDT - ***** Starting TC003_LoginDDT *****
15:36:54.578 [main] INFO  org.testng.internal.Utils - [TestNG] Running:
  /Users/madhavkharge/eclipse-workspace/SdetOpenCart/master.xml

15:36:57.833 [main] INFO  testCases.TC003_LoginDDT - ***** Starting TC003_LoginDDT *****
15:37:06.209 [main] INFO  testCases.TC003_LoginDDT - ***** finished TC003_LoginDDT *****
15:37:06.312 [main] INFO  testCases.TC003_LoginDDT - ***** Starting TC003_LoginDDT *****
15:37:06.319 [main] INFO  testCases.TC003_LoginDDT - ***** Starting TC003_LoginDDT *****
15:37:06.321 [main] INFO  testCases.TC003_LoginDDT - ***** Starting TC003_LoginDDT *****
15:37:06.324 [main] INFO  testCases.TC003_LoginDDT - ***** Starting TC003_LoginDDT *****
15:39:01.685 [main] INFO  org.testng.internal.Utils - [TestNG] Running:
  /Users/madhavkharge/eclipse-workspace/SdetOpenCart/master.xml

15:39:05.270 [main] INFO  testCases.TC003_LoginDDT - ***** Starting TC003_LoginDDT *****
15:39:14.276 [main] INFO  testCases.TC003_LoginDDT - ***** finished TC003_LoginDDT *****
15:39:14.391 [main] INFO  testCases.TC003_LoginDDT - ***** Starting TC003_LoginDDT *****
15:39:14.397 [main] INFO  testCases.TC003_LoginDDT - ***** Starting TC003_LoginDDT *****
15:39:14.400 [main] INFO  testCases.TC003_LoginDDT - ***** Starting TC003_LoginDDT *****
15:39:14.402 [main] INFO  testCases.TC003_LoginDDT - ***** Starting TC003_LoginDDT *****
15:44:03.725 [main] INFO  org.testng.internal.Utils - [TestNG] Running:
  /Users/madhavkharge/eclipse-workspace/SdetOpenCart/master.xml

15:44:06.575 [main] INFO  testCases.TC003_LoginDDT - ***** Starting TC003_LoginDDT *****
15:44:14.954 [main] INFO  testCases.TC003_LoginDDT - ***** finished TC003_LoginDDT *****
15:44:15.065 [main] INFO  testCases.TC003_LoginDDT - ***** Starting TC003_LoginDDT *****
15:44:18.072 [main] INFO  testCases.TC003_LoginDDT - ***** finished TC003_LoginDDT *****
15:44:18.083 [main] INFO  testCases.TC003_LoginDDT - ***** Starting TC003_LoginDDT *****
15:44:21.089 [main] INFO  testCases.TC003_LoginDDT - ***** finished TC003_LoginDDT *****
15:44:21.094 [main] INFO  testCases.TC003_LoginDDT - ***** Starting TC003_LoginDDT *****
15:44:24.102 [main] INFO  testCases.TC003_LoginDDT - ***** finished TC003_LoginDDT *****
15:44:24.107 [main] INFO  testCases.TC003_LoginDDT - ***** Starting TC003_LoginDDT *****
15:44:27.113 [main] INFO  testCases.TC003_LoginDDT - ***** finished TC003_LoginDDT *****
15:54:36.147 [main] INFO  org.testng.internal.Utils - [TestNG] Running:
  /Users/madhavkharge/eclipse-workspace/SdetOpenCart/master.xml

15:54:41.385 [main] INFO  testCases.TC003_LoginDDT - ***** Starting TC003_LoginDDT *****
15:54:50.438 [main] INFO  testCases.TC003_LoginDDT - ***** finished TC003_LoginDDT *****
15:54:50.551 [main] INFO  testCases.TC003_LoginDDT - ***** Starting TC003_LoginDDT *****
15:54:53.557 [main] INFO  testCases.TC003_LoginDDT - ***** finished TC003_LoginDDT *****
15:54:53.566 [main] INFO  testCases.TC003_LoginDDT - ***** Starting TC003_LoginDDT *****
15:54:56.573 [main] INFO  testCases.TC003_LoginDDT - ***** finished TC003_LoginDDT *****
15:54:56.580 [main] INFO  testCases.TC003_LoginDDT - ***** Starting TC003_LoginDDT *****
15:54:59.586 [main] INFO  testCases.TC003_LoginDDT - ***** finished TC003_LoginDDT *****
15:54:59.594 [main] INFO  testCases.TC003_LoginDDT - ***** Starting TC003_LoginDDT *****
15:55:02.600 [main] INFO  testCases.TC003_LoginDDT - ***** finished TC003_LoginDDT *****
15:58:06.009 [main] INFO  org.testng.internal.Utils - [TestNG] Running:
  /Users/madhavkharge/eclipse-workspace/SdetOpenCart/master.xml

15:58:09.042 [main] INFO  testCases.TC003_LoginDDT - ***** Starting TC003_LoginDDT *****
15:58:17.462 [main] INFO  testCases.TC003_LoginDDT - ***** finished TC003_LoginDDT *****
15:58:17.574 [main] INFO  testCases.TC003_LoginDDT - ***** Starting TC003_LoginDDT *****
15:58:20.581 [main] INFO  testCases.TC003_LoginDDT - ***** finished TC003_LoginDDT *****
15:58:20.588 [main] INFO  testCases.TC003_LoginDDT - ***** Starting TC003_LoginDDT *****
15:58:23.595 [main] INFO  testCases.TC003_LoginDDT - ***** finished TC003_LoginDDT *****
15:58:23.604 [main] INFO  testCases.TC003_LoginDDT - ***** Starting TC003_LoginDDT *****
15:58:26.611 [main] INFO  testCases.TC003_LoginDDT - ***** finished TC003_LoginDDT *****
15:58:26.619 [main] INFO  testCases.TC003_LoginDDT - ***** Starting TC003_LoginDDT *****
15:58:29.624 [main] INFO  testCases.TC003_LoginDDT - ***** finished TC003_LoginDDT *****
15:58:48.542 [main] INFO  org.testng.internal.Utils - [TestNG] Running:
  /Users/madhavkharge/eclipse-workspace/SdetOpenCart/master.xml

15:58:51.338 [main] INFO  testCases.TC003_LoginDDT - ***** Starting TC003_LoginDDT *****
15:59:00.856 [main] INFO  testCases.TC003_LoginDDT - ***** finished TC003_LoginDDT *****
15:59:00.958 [main] INFO  testCases.TC003_LoginDDT - ***** Starting TC003_LoginDDT *****
15:59:00.974 [main] INFO  testCases.TC003_LoginDDT - ***** Starting TC003_LoginDDT *****
15:59:00.993 [main] INFO  testCases.TC003_LoginDDT - ***** Starting TC003_LoginDDT *****
15:59:01.021 [main] INFO  testCases.TC003_LoginDDT - ***** Starting TC003_LoginDDT *****
16:04:30.226 [main] INFO  org.testng.internal.Utils - [TestNG] Running:
  /Users/madhavkharge/eclipse-workspace/SdetOpenCart/master.xml

16:05:23.877 [main] INFO  org.testng.internal.Utils - [TestNG] Running:
  /Users/madhavkharge/eclipse-workspace/SdetOpenCart/master.xml

16:05:26.840 [main] INFO  testCases.TC003_LoginDDT - ***** Starting TC003_LoginDDT *****
16:05:33.022 [main] INFO  testCases.TC003_LoginDDT - ***** Starting TC003_LoginDDT *****
16:05:33.028 [main] INFO  testCases.TC003_LoginDDT - ***** Starting TC003_LoginDDT *****
16:05:33.034 [main] INFO  testCases.TC003_LoginDDT - ***** Starting TC003_LoginDDT *****
16:05:33.036 [main] INFO  testCases.TC003_LoginDDT - ***** Starting TC003_LoginDDT *****
16:07:31.494 [main] INFO  org.testng.internal.Utils - [TestNG] Running:
  /Users/madhavkharge/eclipse-workspace/SdetOpenCart/master.xml

16:07:34.395 [main] INFO  testCases.TC003_LoginDDT - ***** Starting TC003_LoginDDT *****
16:07:40.439 [main] INFO  testCases.TC003_LoginDDT - ***** Starting TC003_LoginDDT *****
16:07:40.450 [main] INFO  testCases.TC003_LoginDDT - ***** Starting TC003_LoginDDT *****
16:07:40.471 [main] INFO  testCases.TC003_LoginDDT - ***** Starting TC003_LoginDDT *****
16:07:40.476 [main] INFO  testCases.TC003_LoginDDT - ***** Starting TC003_LoginDDT *****
16:08:40.407 [main] INFO  org.testng.internal.Utils - [TestNG] Running:
  /Users/madhavkharge/eclipse-workspace/SdetOpenCart/master.xml

16:08:43.470 [main] INFO  testCases.TC003_LoginDDT - ***** Starting TC003_LoginDDT *****
16:08:48.991 [main] INFO  testCases.TC003_LoginDDT - ***** Starting TC003_LoginDDT *****
16:08:48.995 [main] INFO  testCases.TC003_LoginDDT - ***** Starting TC003_LoginDDT *****
16:08:48.998 [main] INFO  testCases.TC003_LoginDDT - ***** Starting TC003_LoginDDT *****
16:08:49.004 [main] INFO  testCases.TC003_LoginDDT - ***** Starting TC003_LoginDDT *****
16:12:41.862 [main] INFO  org.testng.internal.Utils - [TestNG] Running:
  /Users/madhavkharge/eclipse-workspace/SdetOpenCart/master.xml

16:14:34.913 [main] INFO  org.testng.internal.Utils - [TestNG] Running:
  /Users/madhavkharge/eclipse-workspace/SdetOpenCart/master.xml

16:17:27.775 [main] INFO  org.testng.internal.Utils - [TestNG] Running:
  /Users/madhavkharge/eclipse-workspace/SdetOpenCart/master.xml

16:20:57.387 [main] INFO  org.testng.internal.Utils - [TestNG] Running:
  /Users/madhavkharge/eclipse-workspace/SdetOpenCart/master.xml

16:21:19.503 [main] INFO  org.testng.internal.Utils - [TestNG] Running:
  /Users/madhavkharge/eclipse-workspace/SdetOpenCart/master.xml

16:24:09.262 [main] INFO  org.testng.internal.Utils - [TestNG] Running:
  /Users/madhavkharge/eclipse-workspace/SdetOpenCart/master.xml

16:24:36.268 [main] INFO  org.testng.internal.Utils - [TestNG] Running:
  /Users/madhavkharge/eclipse-workspace/SdetOpenCart/master.xml

16:34:01.146 [main] INFO  org.testng.internal.Utils - [TestNG] Running:
  /Users/madhavkharge/eclipse-workspace/SdetOpenCart/master.xml

16:36:24.706 [main] INFO  org.testng.internal.Utils - [TestNG] Running:
  /Users/madhavkharge/eclipse-workspace/SdetOpenCart/master.xml

16:38:08.510 [main] INFO  org.testng.internal.Utils - [TestNG] Running:
  /Users/madhavkharge/eclipse-workspace/SdetOpenCart/master.xml

16:39:18.784 [main] INFO  org.testng.internal.Utils - [TestNG] Running:
  /Users/madhavkharge/eclipse-workspace/SdetOpenCart/master.xml

16:43:08.399 [main] INFO  org.testng.internal.Utils - [TestNG] Running:
  /Users/madhavkharge/eclipse-workspace/SdetOpenCart/master.xml

16:43:11.364 [main] INFO  testCases.TC003_LoginDDT - ***** Starting TC003_LoginDDT *****
16:43:15.693 [main] INFO  testCases.TC003_LoginDDT - ***** finished TC003_LoginDDT *****
16:43:15.807 [main] INFO  testCases.TC003_LoginDDT - ***** Starting TC003_LoginDDT *****
16:43:18.816 [main] INFO  testCases.TC003_LoginDDT - ***** finished TC003_LoginDDT *****
16:43:18.823 [main] INFO  testCases.TC003_LoginDDT - ***** Starting TC003_LoginDDT *****
16:43:21.830 [main] INFO  testCases.TC003_LoginDDT - ***** finished TC003_LoginDDT *****
16:43:21.835 [main] INFO  testCases.TC003_LoginDDT - ***** Starting TC003_LoginDDT *****
16:43:24.840 [main] INFO  testCases.TC003_LoginDDT - ***** finished TC003_LoginDDT *****
16:43:24.847 [main] INFO  testCases.TC003_LoginDDT - ***** Starting TC003_LoginDDT *****
16:43:27.854 [main] INFO  testCases.TC003_LoginDDT - ***** finished TC003_LoginDDT *****
16:43:54.276 [main] INFO  org.testng.internal.Utils - [TestNG] Running:
  /Users/madhavkharge/eclipse-workspace/SdetOpenCart/master.xml

16:43:56.926 [main] INFO  testCases.TC003_LoginDDT - ***** Starting TC003_LoginDDT *****
16:44:01.408 [main] INFO  testCases.TC003_LoginDDT - ***** finished TC003_LoginDDT *****
16:44:01.522 [main] INFO  testCases.TC003_LoginDDT - ***** Starting TC003_LoginDDT *****
16:44:04.530 [main] INFO  testCases.TC003_LoginDDT - ***** finished TC003_LoginDDT *****
16:44:04.539 [main] INFO  testCases.TC003_LoginDDT - ***** Starting TC003_LoginDDT *****
16:44:07.546 [main] INFO  testCases.TC003_LoginDDT - ***** finished TC003_LoginDDT *****
16:44:07.551 [main] INFO  testCases.TC003_LoginDDT - ***** Starting TC003_LoginDDT *****
16:44:10.558 [main] INFO  testCases.TC003_LoginDDT - ***** finished TC003_LoginDDT *****
16:44:10.568 [main] INFO  testCases.TC003_LoginDDT - ***** Starting TC003_LoginDDT *****
16:44:13.575 [main] INFO  testCases.TC003_LoginDDT - ***** finished TC003_LoginDDT *****
16:45:08.492 [main] INFO  org.testng.internal.Utils - [TestNG] Running:
  /Users/madhavkharge/eclipse-workspace/SdetOpenCart/master.xml

16:45:11.900 [main] INFO  testCases.TC003_LoginDDT - ***** Starting TC003_LoginDDT *****
16:45:13.482 [main] INFO  testCases.TC003_LoginDDT - ***** Starting TC003_LoginDDT *****
16:45:16.490 [main] INFO  testCases.TC003_LoginDDT - ***** finished TC003_LoginDDT *****
16:45:16.494 [main] INFO  testCases.TC003_LoginDDT - ***** Starting TC003_LoginDDT *****
16:45:19.501 [main] INFO  testCases.TC003_LoginDDT - ***** finished TC003_LoginDDT *****
16:45:19.508 [main] INFO  testCases.TC003_LoginDDT - ***** Starting TC003_LoginDDT *****
16:45:22.514 [main] INFO  testCases.TC003_LoginDDT - ***** finished TC003_LoginDDT *****
16:45:22.521 [main] INFO  testCases.TC003_LoginDDT - ***** Starting TC003_LoginDDT *****
16:45:25.528 [main] INFO  testCases.TC003_LoginDDT - ***** finished TC003_LoginDDT *****
16:47:26.437 [main] INFO  org.testng.internal.Utils - [TestNG] Running:
  /Users/madhavkharge/eclipse-workspace/SdetOpenCart/master.xml

16:47:29.163 [main] INFO  testCases.TC003_LoginDDT - ***** Starting TC003_LoginDDT *****
16:47:30.744 [main] INFO  testCases.TC003_LoginDDT - ***** Starting TC003_LoginDDT *****
16:47:30.750 [main] INFO  testCases.TC003_LoginDDT - ***** Starting TC003_LoginDDT *****
16:47:30.754 [main] INFO  testCases.TC003_LoginDDT - ***** Starting TC003_LoginDDT *****
16:47:30.760 [main] INFO  testCases.TC003_LoginDDT - ***** Starting TC003_LoginDDT *****
16:48:20.390 [main] INFO  org.testng.internal.Utils - [TestNG] Running:
  /Users/madhavkharge/eclipse-workspace/SdetOpenCart/master.xml

16:48:23.062 [main] INFO  testCases.TC003_LoginDDT - ***** Starting TC003_LoginDDT *****
16:48:24.593 [main] INFO  testCases.TC003_LoginDDT - ***** Starting TC003_LoginDDT *****
16:48:24.597 [main] INFO  testCases.TC003_LoginDDT - ***** Starting TC003_LoginDDT *****
16:48:24.600 [main] INFO  testCases.TC003_LoginDDT - ***** Starting TC003_LoginDDT *****
16:48:24.602 [main] INFO  testCases.TC003_LoginDDT - ***** Starting TC003_LoginDDT *****
16:50:46.355 [main] INFO  org.testng.internal.Utils - [TestNG] Running:
  /Users/madhavkharge/eclipse-workspace/SdetOpenCart/master.xml

16:50:49.538 [main] INFO  testCases.TC003_LoginDDT - ***** Starting TC003_LoginDDT *****
16:50:54.143 [main] INFO  testCases.TC003_LoginDDT - ***** finished TC003_LoginDDT *****
16:50:54.257 [main] INFO  testCases.TC003_LoginDDT - ***** Starting TC003_LoginDDT *****
16:50:54.264 [main] INFO  testCases.TC003_LoginDDT - ***** Starting TC003_LoginDDT *****
16:50:54.266 [main] INFO  testCases.TC003_LoginDDT - ***** Starting TC003_LoginDDT *****
16:50:54.270 [main] INFO  testCases.TC003_LoginDDT - ***** Starting TC003_LoginDDT *****
16:53:57.044 [main] INFO  org.testng.internal.Utils - [TestNG] Running:
  /Users/madhavkharge/eclipse-workspace/SdetOpenCart/master.xml

16:54:00.327 [main] INFO  testCases.TC003_LoginDDT - ***** Starting TC003_LoginDDT *****
16:54:01.914 [main] INFO  testCases.TC003_LoginDDT - ***** finished TC003_LoginDDT *****
16:54:02.017 [main] INFO  testCases.TC003_LoginDDT - ***** Starting TC003_LoginDDT *****
16:54:02.024 [main] INFO  testCases.TC003_LoginDDT - ***** Starting TC003_LoginDDT *****
16:54:02.030 [main] INFO  testCases.TC003_LoginDDT - ***** Starting TC003_LoginDDT *****
16:54:02.032 [main] INFO  testCases.TC003_LoginDDT - ***** Starting TC003_LoginDDT *****
16:57:15.606 [main] INFO  org.testng.internal.Utils - [TestNG] Running:
  /Users/madhavkharge/eclipse-workspace/SdetOpenCart/master.xml

17:00:00.783 [main] INFO  org.testng.internal.Utils - [TestNG] Running:
  /Users/madhavkharge/eclipse-workspace/SdetOpenCart/master.xml

17:00:05.071 [main] INFO  testCases.TC003_LoginDDT - ***** Starting TC003_LoginDDT *****
17:00:07.991 [main] INFO  testCases.TC003_LoginDDT - ***** Starting TC003_LoginDDT *****
17:00:07.997 [main] INFO  testCases.TC003_LoginDDT - ***** Starting TC003_LoginDDT *****
17:00:08.002 [main] INFO  testCases.TC003_LoginDDT - ***** Starting TC003_LoginDDT *****
17:00:08.006 [main] INFO  testCases.TC003_LoginDDT - ***** Starting TC003_LoginDDT *****
17:01:06.584 [main] INFO  org.testng.internal.Utils - [TestNG] Running:
  /Users/madhavkharge/eclipse-workspace/SdetOpenCart/master.xml

17:01:09.836 [main] INFO  testCases.TC003_LoginDDT - ***** Starting TC003_LoginDDT *****
17:01:11.679 [main] INFO  testCases.TC003_LoginDDT - ***** Starting TC003_LoginDDT *****
17:01:11.688 [main] INFO  testCases.TC003_LoginDDT - ***** Starting TC003_LoginDDT *****
17:01:11.693 [main] INFO  testCases.TC003_LoginDDT - ***** Starting TC003_LoginDDT *****
17:01:11.698 [main] INFO  testCases.TC003_LoginDDT - ***** Starting TC003_LoginDDT *****
17:01:35.358 [main] INFO  org.testng.internal.Utils - [TestNG] Running:
  /Users/madhavkharge/eclipse-workspace/SdetOpenCart/master.xml

17:01:38.280 [main] INFO  testCases.TC003_LoginDDT - ***** Starting TC003_LoginDDT *****
17:01:39.911 [main] INFO  testCases.TC003_LoginDDT - ***** Starting TC003_LoginDDT *****
17:01:42.920 [main] INFO  testCases.TC003_LoginDDT - ***** finished TC003_LoginDDT *****
17:01:42.925 [main] INFO  testCases.TC003_LoginDDT - ***** Starting TC003_LoginDDT *****
17:01:45.932 [main] INFO  testCases.TC003_LoginDDT - ***** finished TC003_LoginDDT *****
17:01:45.938 [main] INFO  testCases.TC003_LoginDDT - ***** Starting TC003_LoginDDT *****
17:01:48.946 [main] INFO  testCases.TC003_LoginDDT - ***** finished TC003_LoginDDT *****
17:01:48.952 [main] INFO  testCases.TC003_LoginDDT - ***** Starting TC003_LoginDDT *****
17:01:51.959 [main] INFO  testCases.TC003_LoginDDT - ***** finished TC003_LoginDDT *****
17:07:30.524 [main] INFO  org.testng.internal.Utils - [TestNG] Running:
  /Users/madhavkharge/eclipse-workspace/SdetOpenCart/master.xml

17:07:34.044 [main] INFO  testCases.TC003_LoginDDT - ***** Starting TC003_LoginDDT *****
17:07:38.513 [main] INFO  testCases.TC003_LoginDDT - ***** finished TC003_LoginDDT *****
17:07:38.637 [main] INFO  testCases.TC003_LoginDDT - ***** Starting TC003_LoginDDT *****
17:07:41.644 [main] INFO  testCases.TC003_LoginDDT - ***** finished TC003_LoginDDT *****
17:07:41.652 [main] INFO  testCases.TC003_LoginDDT - ***** Starting TC003_LoginDDT *****
17:07:44.658 [main] INFO  testCases.TC003_LoginDDT - ***** finished TC003_LoginDDT *****
17:07:44.666 [main] INFO  testCases.TC003_LoginDDT - ***** Starting TC003_LoginDDT *****
17:07:47.672 [main] INFO  testCases.TC003_LoginDDT - ***** finished TC003_LoginDDT *****
17:07:47.679 [main] INFO  testCases.TC003_LoginDDT - ***** Starting TC003_LoginDDT *****
17:07:50.686 [main] INFO  testCases.TC003_LoginDDT - ***** finished TC003_LoginDDT *****
17:09:10.276 [main] INFO  org.testng.internal.Utils - [TestNG] Running:
  /Users/madhavkharge/eclipse-workspace/SdetOpenCart/master.xml

17:09:13.423 [main] INFO  testCases.TC003_LoginDDT - ***** Starting TC003_LoginDDT *****
17:09:19.885 [main] INFO  testCases.TC003_LoginDDT - ***** finished TC003_LoginDDT *****
17:09:19.993 [main] INFO  testCases.TC003_LoginDDT - ***** Starting TC003_LoginDDT *****
17:09:19.998 [main] INFO  testCases.TC003_LoginDDT - ***** Starting TC003_LoginDDT *****
17:09:20.002 [main] INFO  testCases.TC003_LoginDDT - ***** Starting TC003_LoginDDT *****
17:09:20.005 [main] INFO  testCases.TC003_LoginDDT - ***** Starting TC003_LoginDDT *****
17:15:07.561 [main] INFO  org.testng.internal.Utils - [Utils] MethodGroupsHelper.collectMethodsByGroup() took 0 ms.
17:15:07.563 [main] INFO  org.testng.internal.Utils - [Utils] MethodGroupsHelper.sortMethods() took 0 ms.
17:15:07.564 [main] INFO  org.testng.internal.Utils - [Utils] MethodGroupsHelper.collectMethodsByGroup() took 0 ms.
17:15:07.564 [main] INFO  org.testng.internal.Utils - [Utils] MethodGroupsHelper.sortMethods() took 0 ms.
17:15:07.564 [main] INFO  org.testng.internal.Utils - [Utils] MethodGroupsHelper.collectMethodsByGroup() took 0 ms.
17:15:07.564 [main] INFO  org.testng.internal.Utils - [Utils] MethodGroupsHelper.sortMethods() took 0 ms.
17:15:07.565 [main] INFO  org.testng.internal.Utils - [Utils] MethodGroupsHelper.collectMethodsByGroup() took 0 ms.
17:15:07.565 [main] INFO  org.testng.internal.Utils - [Utils] MethodGroupsHelper.sortMethods() took 0 ms.
17:15:07.567 [main] INFO  org.testng.internal.Utils - [Utils] MethodGroupsHelper.collectMethodsByGroup() took 1 ms.
17:15:07.571 [main] INFO  org.testng.internal.Utils - [Utils] MethodGroupsHelper.sortMethods() took 3 ms.
17:15:07.571 [main] INFO  org.testng.internal.Utils - [Utils] MethodGroupsHelper.collectMethodsByGroup() took 0 ms.
17:15:07.572 [main] INFO  org.testng.internal.Utils - [Utils] MethodGroupsHelper.sortMethods() took 0 ms.
17:15:07.572 [main] INFO  org.testng.internal.Utils - [Utils] MethodGroupsHelper.collectMethodsByGroup() took 0 ms.
17:15:07.572 [main] INFO  org.testng.internal.Utils - [Utils] MethodGroupsHelper.sortMethods() took 0 ms.
17:15:07.572 [main] INFO  org.testng.internal.Utils - [Utils] MethodGroupsHelper.collectMethodsByGroup() took 0 ms.
17:15:07.572 [main] INFO  org.testng.internal.Utils - [Utils] MethodGroupsHelper.sortMethods() took 0 ms.
17:15:07.573 [main] INFO  org.testng.internal.Utils - [Utils] MethodGroupsHelper.collectMethodsByGroup() took 0 ms.
17:15:07.573 [main] INFO  org.testng.internal.Utils - [Utils] MethodGroupsHelper.sortMethods() took 0 ms.
17:15:07.574 [main] INFO  org.testng.internal.Utils - [Utils] MethodGroupsHelper.collectMethodsByGroup() took 0 ms.
17:15:07.574 [main] INFO  org.testng.internal.Utils - [Utils] MethodGroupsHelper.sortMethods() took 0 ms.
17:15:07.575 [main] INFO  org.testng.internal.Utils - [Utils] MethodGroupsHelper.collectMethodsByGroup() took 0 ms.
17:15:07.575 [main] INFO  org.testng.internal.Utils - [Utils] MethodGroupsHelper.sortMethods() took 0 ms.
17:15:07.575 [main] INFO  org.testng.internal.Utils - [Utils] MethodGroupsHelper.collectMethodsByGroup() took 0 ms.
17:15:07.575 [main] INFO  org.testng.internal.Utils - [Utils] MethodGroupsHelper.sortMethods() took 0 ms.
17:15:07.575 [main] INFO  org.testng.internal.Utils - [Utils] MethodGroupsHelper.collectMethodsByGroup() took 0 ms.
17:15:07.575 [main] INFO  org.testng.internal.Utils - [Utils] MethodGroupsHelper.sortMethods() took 0 ms.
17:15:07.576 [main] INFO  org.testng.internal.Utils - [Utils] MethodGroupsHelper.collectMethodsByGroup() took 0 ms.
17:15:07.576 [main] INFO  org.testng.internal.Utils - [Utils] MethodGroupsHelper.sortMethods() took 0 ms.
17:15:07.576 [main] INFO  org.testng.internal.Utils - [Utils] MethodGroupsHelper.collectMethodsByGroup() took 0 ms.
17:15:07.576 [main] INFO  org.testng.internal.Utils - [Utils] MethodGroupsHelper.sortMethods() took 0 ms.
17:15:07.579 [main] INFO  org.testng.internal.Utils - [TestNG] Running:
  /private/var/folders/hj/crplq8_114z0y94r41c85gdc0000gn/T/testng-eclipse-800922516/testng-customsuite.xml

17:15:07.587 [main] INFO  org.testng.internal.Utils - [Utils] DynamicGraphHelper.createDynamicGraph() took 1 ms.
17:15:08.047 [main] INFO  org.testng.internal.Utils - [TestNG] Time taken by org.testng.reporters.SuiteHTMLReporter@23eee4b8: 10 ms
17:15:08.102 [main] INFO  org.testng.internal.Utils - [TestNG] Time taken by org.testng.reporters.jq.Main@18fdb6cf: 55 ms
17:15:08.105 [main] INFO  org.testng.internal.Utils - [TestNG] Time taken by org.testng.reporters.FailedReporter@2adddc06: 3 ms
17:15:08.112 [main] INFO  org.testng.internal.Utils - [TestNG] Time taken by org.testng.reporters.XMLReporter@1136b469: 7 ms
17:15:08.115 [main] INFO  org.testng.internal.Utils - [TestNG] Time taken by org.testng.reporters.EmailableReporter2@511d5d04: 3 ms
17:15:08.117 [main] INFO  org.testng.internal.Utils - [TestNG] Time taken by org.testng.reporters.JUnitReportReporter@48bfb884: 2 ms
17:15:08.117 [main] INFO  org.testng.internal.Utils - [TestNG] Time taken by org.testng.internal.ExitCodeListener@11653e3b: 0 ms
17:15:19.587 [main] INFO  org.testng.internal.Utils - [TestNG] Running:
  /Users/madhavkharge/eclipse-workspace/SdetOpenCart/master.xml

17:15:22.713 [main] INFO  testCases.TC003_LoginDDT - ***** Starting TC003_LoginDDT *****
17:15:29.075 [main] INFO  testCases.TC003_LoginDDT - ***** finished TC003_LoginDDT *****
17:15:29.189 [main] INFO  testCases.TC003_LoginDDT - ***** Starting TC003_LoginDDT *****
17:15:29.197 [main] INFO  testCases.TC003_LoginDDT - ***** Starting TC003_LoginDDT *****
17:15:29.203 [main] INFO  testCases.TC003_LoginDDT - ***** Starting TC003_LoginDDT *****
17:15:29.208 [main] INFO  testCases.TC003_LoginDDT - ***** Starting TC003_LoginDDT *****
17:22:30.416 [main] INFO  org.testng.internal.Utils - [TestNG] Running:
  /Users/madhavkharge/eclipse-workspace/SdetOpenCart/master.xml

17:22:33.899 [main] INFO  testCases.TC003_LoginDDT - ***** Starting TC003_LoginDDT *****
17:22:40.385 [main] INFO  testCases.TC003_LoginDDT - ***** finished TC003_LoginDDT *****
17:22:40.543 [main] INFO  testCases.TC003_LoginDDT - ***** Starting TC003_LoginDDT *****
17:22:40.548 [main] INFO  testCases.TC003_LoginDDT - ***** Starting TC003_LoginDDT *****
17:22:40.563 [main] INFO  testCases.TC003_LoginDDT - ***** Starting TC003_LoginDDT *****
17:22:40.565 [main] INFO  testCases.TC003_LoginDDT - ***** Starting TC003_LoginDDT *****
17:22:40.567 [main] INFO  testCases.TC003_LoginDDT - ***** Starting TC003_LoginDDT *****
17:23:53.200 [main] INFO  org.testng.internal.Utils - [TestNG] Running:
  /Users/madhavkharge/eclipse-workspace/SdetOpenCart/master.xml

17:23:56.256 [main] INFO  testCases.TC003_LoginDDT - ***** Starting TC003_LoginDDT *****
17:24:02.691 [main] INFO  testCases.TC003_LoginDDT - ***** finished TC003_LoginDDT *****
17:24:02.802 [main] INFO  testCases.TC003_LoginDDT - ***** Starting TC003_LoginDDT *****
17:24:02.845 [main] INFO  testCases.TC003_LoginDDT - ***** Starting TC003_LoginDDT *****
17:24:02.855 [main] INFO  testCases.TC003_LoginDDT - ***** Starting TC003_LoginDDT *****
17:24:02.859 [main] INFO  testCases.TC003_LoginDDT - ***** Starting TC003_LoginDDT *****
17:24:02.864 [main] INFO  testCases.TC003_LoginDDT - ***** Starting TC003_LoginDDT *****
17:25:02.885 [main] INFO  org.testng.internal.Utils - [TestNG] Running:
  /Users/madhavkharge/eclipse-workspace/SdetOpenCart/master.xml

17:25:06.523 [main] INFO  testCases.TC003_LoginDDT - ***** Starting TC003_LoginDDT *****
17:25:12.988 [main] INFO  testCases.TC003_LoginDDT - ***** finished TC003_LoginDDT *****
17:25:13.102 [main] INFO  testCases.TC003_LoginDDT - ***** Starting TC003_LoginDDT *****
17:25:13.107 [main] INFO  testCases.TC003_LoginDDT - ***** Starting TC003_LoginDDT *****
17:25:13.109 [main] INFO  testCases.TC003_LoginDDT - ***** Starting TC003_LoginDDT *****
17:25:13.111 [main] INFO  testCases.TC003_LoginDDT - ***** Starting TC003_LoginDDT *****
17:25:13.113 [main] INFO  testCases.TC003_LoginDDT - ***** Starting TC003_LoginDDT *****
17:28:17.568 [main] INFO  org.testng.internal.Utils - [TestNG] Running:
  /Users/madhavkharge/eclipse-workspace/SdetOpenCart/master.xml

17:28:21.138 [main] INFO  testCases.TC003_LoginDDT - ***** Starting TC003_LoginDDT *****
17:28:27.641 [main] INFO  testCases.TC003_LoginDDT - ***** finished TC003_LoginDDT *****
17:28:27.759 [main] INFO  testCases.TC003_LoginDDT - ***** Starting TC003_LoginDDT *****
17:28:32.768 [main] INFO  testCases.TC003_LoginDDT - ***** finished TC003_LoginDDT *****
17:28:32.774 [main] INFO  testCases.TC003_LoginDDT - ***** Starting TC003_LoginDDT *****
17:28:37.780 [main] INFO  testCases.TC003_LoginDDT - ***** finished TC003_LoginDDT *****
17:28:37.789 [main] INFO  testCases.TC003_LoginDDT - ***** Starting TC003_LoginDDT *****
17:28:42.796 [main] INFO  testCases.TC003_LoginDDT - ***** finished TC003_LoginDDT *****
17:28:42.803 [main] INFO  testCases.TC003_LoginDDT - ***** Starting TC003_LoginDDT *****
17:28:47.809 [main] INFO  testCases.TC003_LoginDDT - ***** finished TC003_LoginDDT *****
17:28:47.814 [main] INFO  testCases.TC003_LoginDDT - ***** Starting TC003_LoginDDT *****
17:28:52.820 [main] INFO  testCases.TC003_LoginDDT - ***** finished TC003_LoginDDT *****
17:38:03.712 [main] INFO  org.testng.internal.Utils - [TestNG] Running:
  /Users/madhavkharge/eclipse-workspace/SdetOpenCart/master.xml

17:38:07.591 [main] INFO  testCases.TC003_LoginDDT - ***** Starting TC003_LoginDDT *****
17:38:14.119 [main] INFO  testCases.TC003_LoginDDT - ***** finished TC003_LoginDDT *****
17:38:14.231 [main] INFO  testCases.TC003_LoginDDT - ***** Starting TC003_LoginDDT *****
17:38:19.238 [main] INFO  testCases.TC003_LoginDDT - ***** finished TC003_LoginDDT *****
17:38:19.248 [main] INFO  testCases.TC003_LoginDDT - ***** Starting TC003_LoginDDT *****
17:38:24.252 [main] INFO  testCases.TC003_LoginDDT - ***** finished TC003_LoginDDT *****
17:38:24.255 [main] INFO  testCases.TC003_LoginDDT - ***** Starting TC003_LoginDDT *****
17:38:29.261 [main] INFO  testCases.TC003_LoginDDT - ***** finished TC003_LoginDDT *****
17:38:29.267 [main] INFO  testCases.TC003_LoginDDT - ***** Starting TC003_LoginDDT *****
17:38:34.274 [main] INFO  testCases.TC003_LoginDDT - ***** finished TC003_LoginDDT *****
17:38:34.282 [main] INFO  testCases.TC003_LoginDDT - ***** Starting TC003_LoginDDT *****
17:38:39.288 [main] INFO  testCases.TC003_LoginDDT - ***** finished TC003_LoginDDT *****
17:38:45.793 [main] INFO  org.testng.internal.Utils - [TestNG] Running:
  /Users/madhavkharge/eclipse-workspace/SdetOpenCart/master.xml

17:38:48.468 [main] INFO  testCases.TC003_LoginDDT - ***** Starting TC003_LoginDDT *****
17:38:54.846 [main] INFO  testCases.TC003_LoginDDT - ***** finished TC003_LoginDDT *****
17:38:54.956 [main] INFO  testCases.TC003_LoginDDT - ***** Starting TC003_LoginDDT *****
17:38:54.965 [main] INFO  testCases.TC003_LoginDDT - ***** Starting TC003_LoginDDT *****
17:38:54.970 [main] INFO  testCases.TC003_LoginDDT - ***** Starting TC003_LoginDDT *****
17:38:54.976 [main] INFO  testCases.TC003_LoginDDT - ***** Starting TC003_LoginDDT *****
17:38:54.979 [main] INFO  testCases.TC003_LoginDDT - ***** Starting TC003_LoginDDT *****
17:41:10.887 [main] INFO  org.testng.internal.Utils - [TestNG] Running:
  /Users/madhavkharge/eclipse-workspace/SdetOpenCart/master.xml

17:41:13.753 [main] INFO  testCases.TC003_LoginDDT - ***** Starting TC003_LoginDDT *****
17:41:20.359 [main] INFO  testCases.TC003_LoginDDT - ***** finished TC003_LoginDDT *****
17:41:20.521 [main] INFO  testCases.TC003_LoginDDT - ***** Starting TC003_LoginDDT *****
17:41:20.528 [main] INFO  testCases.TC003_LoginDDT - ***** Starting TC003_LoginDDT *****
17:41:20.532 [main] INFO  testCases.TC003_LoginDDT - ***** Starting TC003_LoginDDT *****
17:41:20.535 [main] INFO  testCases.TC003_LoginDDT - ***** Starting TC003_LoginDDT *****
17:41:20.537 [main] INFO  testCases.TC003_LoginDDT - ***** Starting TC003_LoginDDT *****
17:44:58.766 [main] INFO  org.testng.internal.Utils - [TestNG] Running:
  /Users/madhavkharge/eclipse-workspace/SdetOpenCart/master.xml

17:45:01.653 [main] INFO  testCases.TC003_LoginDDT - ***** Starting TC003_LoginDDT *****
17:45:11.359 [main] INFO  testCases.TC003_LoginDDT - ***** finished TC003_LoginDDT *****
17:45:11.494 [main] INFO  testCases.TC003_LoginDDT - ***** Starting TC003_LoginDDT *****
17:45:11.516 [main] INFO  testCases.TC003_LoginDDT - ***** Starting TC003_LoginDDT *****
17:45:11.520 [main] INFO  testCases.TC003_LoginDDT - ***** Starting TC003_LoginDDT *****
17:45:11.524 [main] INFO  testCases.TC003_LoginDDT - ***** Starting TC003_LoginDDT *****
17:45:11.531 [main] INFO  testCases.TC003_LoginDDT - ***** Starting TC003_LoginDDT *****
12:36:47.461 [main] INFO  org.testng.internal.Utils - [TestNG] Running:
  /Users/madhavkharge/eclipse-workspace/SdetOpenCart/grouping.xml

12:37:07.067 [main] INFO  org.testng.internal.Utils - [TestNG] Running:
  /Users/madhavkharge/eclipse-workspace/SdetOpenCart/grouping.xml

12:38:56.979 [main] INFO  org.testng.internal.Utils - [TestNG] Running:
  /Users/madhavkharge/eclipse-workspace/SdetOpenCart/grouping.xml

12:39:00.537 [main] INFO  testCases.TC001_AccountRegistrationTest - **** Starting TC001_AccountRegistrationTest ****
12:39:00.588 [main] INFO  testCases.TC001_AccountRegistrationTest - clicked on MyAccount link....
12:39:00.931 [main] INFO  testCases.TC001_AccountRegistrationTest - clicked on Register link....
12:39:00.932 [main] INFO  testCases.TC001_AccountRegistrationTest - Providing customer details.... 
12:39:04.059 [main] INFO  testCases.TC001_AccountRegistrationTest - Validating expected message....
12:39:04.080 [main] INFO  testCases.TC001_AccountRegistrationTest - **** Finished TC001_AccountRegistrationTest ****
12:41:23.566 [main] INFO  org.testng.internal.Utils - [TestNG] Running:
  /Users/madhavkharge/eclipse-workspace/SdetOpenCart/grouping.xml

12:41:26.495 [main] INFO  testCases.TC001_AccountRegistrationTest - **** Starting TC001_AccountRegistrationTest ****
12:41:26.555 [main] INFO  testCases.TC001_AccountRegistrationTest - clicked on MyAccount link....
12:41:27.221 [main] INFO  testCases.TC001_AccountRegistrationTest - clicked on Register link....
12:41:27.224 [main] INFO  testCases.TC001_AccountRegistrationTest - Providing customer details.... 
12:41:28.281 [main] INFO  testCases.TC001_AccountRegistrationTest - Validating expected message....
12:41:28.304 [main] INFO  testCases.TC001_AccountRegistrationTest - **** Finished TC001_AccountRegistrationTest ****
12:43:03.557 [main] INFO  org.testng.internal.Utils - [TestNG] Running:
  /Users/madhavkharge/eclipse-workspace/SdetOpenCart/grouping.xml

12:43:06.019 [main] INFO  testCases.TC001_AccountRegistrationTest - **** Starting TC001_AccountRegistrationTest ****
12:43:06.065 [main] INFO  testCases.TC001_AccountRegistrationTest - clicked on MyAccount link....
12:43:06.400 [main] INFO  testCases.TC001_AccountRegistrationTest - clicked on Register link....
12:43:06.402 [main] INFO  testCases.TC001_AccountRegistrationTest - Providing customer details.... 
12:43:07.420 [main] INFO  testCases.TC001_AccountRegistrationTest - Validating expected message....
12:43:07.448 [main] INFO  testCases.TC001_AccountRegistrationTest - **** Finished TC001_AccountRegistrationTest ****
12:43:43.126 [main] INFO  org.testng.internal.Utils - [TestNG] Running:
  /Users/madhavkharge/eclipse-workspace/SdetOpenCart/grouping.xml

12:43:45.469 [main] INFO  testCases.TC001_AccountRegistrationTest - **** Starting TC001_AccountRegistrationTest ****
12:43:45.511 [main] INFO  testCases.TC001_AccountRegistrationTest - clicked on MyAccount link....
12:43:45.836 [main] INFO  testCases.TC001_AccountRegistrationTest - clicked on Register link....
12:43:45.838 [main] INFO  testCases.TC001_AccountRegistrationTest - Providing customer details.... 
12:43:46.106 [main] INFO  testCases.TC001_AccountRegistrationTest - Validating expected message....
12:43:46.879 [main] INFO  testCases.TC001_AccountRegistrationTest - **** Finished TC001_AccountRegistrationTest ****
12:43:49.276 [main] INFO  testCases.TC002_LoginTest - ***** Starting TC002_LoginTest *****
12:43:50.397 [main] INFO  testCases.TC002_LoginTest - **** Finished TC002_LoginTest ****
15:58:32.930 [main] INFO  org.testng.internal.Utils - [TestNG] Running:
  /Users/madhavkharge/eclipse-workspace/SdetOpenCart/grouping.xml

15:58:41.453 [main] INFO  testCases.TC001_AccountRegistrationTest - **** Starting TC001_AccountRegistrationTest ****
15:58:41.510 [main] INFO  testCases.TC001_AccountRegistrationTest - clicked on MyAccount link....
15:58:42.120 [main] INFO  testCases.TC001_AccountRegistrationTest - clicked on Register link....
15:58:42.121 [main] INFO  testCases.TC001_AccountRegistrationTest - Providing customer details.... 
15:58:43.057 [main] INFO  testCases.TC001_AccountRegistrationTest - Validating expected message....
15:58:43.082 [main] INFO  testCases.TC001_AccountRegistrationTest - **** Finished TC001_AccountRegistrationTest ****
15:58:46.757 [main] INFO  testCases.TC002_LoginTest - ***** Starting TC002_LoginTest *****
15:58:48.732 [main] INFO  testCases.TC002_LoginTest - **** Finished TC002_LoginTest ****
16:13:46.534 [main] INFO  org.testng.internal.Utils - [TestNG] Running:
  /Users/madhavkharge/eclipse-workspace/SdetOpenCart/grouping.xml

16:13:49.767 [main] INFO  testCases.TC001_AccountRegistrationTest - **** Starting TC001_AccountRegistrationTest ****
16:13:49.819 [main] INFO  testCases.TC001_AccountRegistrationTest - clicked on MyAccount link....
16:13:50.144 [main] INFO  testCases.TC001_AccountRegistrationTest - clicked on Register link....
16:13:50.146 [main] INFO  testCases.TC001_AccountRegistrationTest - Providing customer details.... 
16:13:51.161 [main] INFO  testCases.TC001_AccountRegistrationTest - Validating expected message....
16:13:51.187 [main] INFO  testCases.TC001_AccountRegistrationTest - **** Finished TC001_AccountRegistrationTest ****
16:13:53.420 [main] INFO  testCases.TC002_LoginTest - ***** Starting TC002_LoginTest *****
16:13:54.567 [main] INFO  testCases.TC002_LoginTest - **** Finished TC002_LoginTest ****
16:16:33.689 [main] INFO  org.testng.internal.Utils - [TestNG] Running:
  /Users/madhavkharge/eclipse-workspace/SdetOpenCart/grouping.xml

16:16:36.511 [main] INFO  testCases.TC001_AccountRegistrationTest - **** Starting TC001_AccountRegistrationTest ****
16:16:36.564 [main] INFO  testCases.TC001_AccountRegistrationTest - clicked on MyAccount link....
16:16:36.904 [main] INFO  testCases.TC001_AccountRegistrationTest - clicked on Register link....
16:16:36.906 [main] INFO  testCases.TC001_AccountRegistrationTest - Providing customer details.... 
16:16:37.866 [main] INFO  testCases.TC001_AccountRegistrationTest - Validating expected message....
16:16:37.893 [main] INFO  testCases.TC001_AccountRegistrationTest - **** Finished TC001_AccountRegistrationTest ****
16:16:40.071 [main] INFO  testCases.TC002_LoginTest - ***** Starting TC002_LoginTest *****
16:16:41.171 [main] INFO  testCases.TC002_LoginTest - **** Finished TC002_LoginTest ****
16:24:01.086 [main] INFO  org.testng.internal.Utils - [TestNG] Running:
  /Users/madhavkharge/eclipse-workspace/SdetOpenCart/grouping.xml

16:24:09.501 [main] INFO  testCases.TC001_AccountRegistrationTest - **** Starting TC001_AccountRegistrationTest ****
16:24:09.794 [main] INFO  testCases.TC001_AccountRegistrationTest - clicked on MyAccount link....
16:24:10.263 [main] INFO  testCases.TC001_AccountRegistrationTest - clicked on Register link....
16:24:10.265 [main] INFO  testCases.TC001_AccountRegistrationTest - Providing customer details.... 
16:24:11.330 [main] INFO  testCases.TC001_AccountRegistrationTest - Validating expected message....
16:24:11.353 [main] INFO  testCases.TC001_AccountRegistrationTest - **** Finished TC001_AccountRegistrationTest ****
16:24:13.566 [main] INFO  testCases.TC002_LoginTest - ***** Starting TC002_LoginTest *****
16:53:44.095 [main] INFO  org.testng.internal.Utils - [TestNG] Running:
  /Users/madhavkharge/eclipse-workspace/SdetOpenCart/test-output/testng-failed.xml

16:53:53.069 [main] INFO  testCases.TC002_LoginTest - ***** Starting TC002_LoginTest *****
16:53:54.968 [main] INFO  testCases.TC002_LoginTest - **** Finished TC002_LoginTest ****
17:11:54.379 [main] INFO  org.testng.internal.Utils - [TestNG] Running:
  /Users/madhavkharge/eclipse-workspace/SdetOpenCart/master.xml

17:11:58.422 [main] INFO  testCases.TC003_LoginDDT - ***** Starting TC003_LoginDDT *****
17:12:05.289 [main] INFO  testCases.TC003_LoginDDT - ***** finished TC003_LoginDDT *****
17:12:05.308 [main] INFO  testCases.TC003_LoginDDT - ***** Starting TC003_LoginDDT *****
17:12:12.102 [main] INFO  testCases.TC003_LoginDDT - ***** finished TC003_LoginDDT *****
17:12:12.109 [main] INFO  testCases.TC003_LoginDDT - ***** Starting TC003_LoginDDT *****
17:12:18.705 [main] INFO  testCases.TC003_LoginDDT - ***** finished TC003_LoginDDT *****
17:12:18.711 [main] INFO  testCases.TC003_LoginDDT - ***** Starting TC003_LoginDDT *****
17:12:25.282 [main] INFO  testCases.TC003_LoginDDT - ***** finished TC003_LoginDDT *****
17:12:25.288 [main] INFO  testCases.TC003_LoginDDT - ***** Starting TC003_LoginDDT *****
17:12:31.885 [main] INFO  testCases.TC003_LoginDDT - ***** finished TC003_LoginDDT *****
17:12:31.891 [main] INFO  testCases.TC003_LoginDDT - ***** Starting TC003_LoginDDT *****
17:12:42.507 [main] INFO  testCases.TC003_LoginDDT - ***** finished TC003_LoginDDT *****
17:19:27.943 [main] INFO  org.testng.internal.Utils - [TestNG] Running:
  /Users/madhavkharge/eclipse-workspace/SdetOpenCart/master.xml

17:19:31.203 [main] INFO  testCases.TC003_LoginDDT - ***** Starting TC003_LoginDDT *****
17:19:37.790 [main] INFO  testCases.TC003_LoginDDT - ***** finished TC003_LoginDDT *****
17:19:37.807 [main] INFO  testCases.TC003_LoginDDT - ***** Starting TC003_LoginDDT *****
17:19:45.259 [main] INFO  testCases.TC003_LoginDDT - ***** finished TC003_LoginDDT *****
17:19:45.263 [main] INFO  testCases.TC003_LoginDDT - ***** Starting TC003_LoginDDT *****
17:19:52.849 [main] INFO  testCases.TC003_LoginDDT - ***** finished TC003_LoginDDT *****
17:19:52.859 [main] INFO  testCases.TC003_LoginDDT - ***** Starting TC003_LoginDDT *****
17:20:00.178 [main] INFO  testCases.TC003_LoginDDT - ***** finished TC003_LoginDDT *****
17:20:00.181 [main] INFO  testCases.TC003_LoginDDT - ***** Starting TC003_LoginDDT *****
17:20:07.889 [main] INFO  testCases.TC003_LoginDDT - ***** finished TC003_LoginDDT *****
17:20:07.895 [main] INFO  testCases.TC003_LoginDDT - ***** Starting TC003_LoginDDT *****
17:20:18.757 [main] INFO  testCases.TC003_LoginDDT - ***** finished TC003_LoginDDT *****
17:21:47.831 [main] INFO  org.testng.internal.Utils - [TestNG] Running:
  /Users/madhavkharge/eclipse-workspace/SdetOpenCart/grouping.xml

17:21:50.733 [main] INFO  testCases.TC001_AccountRegistrationTest - **** Starting TC001_AccountRegistrationTest ****
17:21:50.784 [main] INFO  testCases.TC001_AccountRegistrationTest - clicked on MyAccount link....
17:21:51.123 [main] INFO  testCases.TC001_AccountRegistrationTest - clicked on Register link....
17:21:51.125 [main] INFO  testCases.TC001_AccountRegistrationTest - Providing customer details.... 
17:21:52.441 [main] INFO  testCases.TC001_AccountRegistrationTest - Validating expected message....
17:21:52.467 [main] INFO  testCases.TC001_AccountRegistrationTest - **** Finished TC001_AccountRegistrationTest ****
17:21:54.725 [main] INFO  testCases.TC002_LoginTest - ***** Starting TC002_LoginTest *****
17:21:55.834 [main] INFO  testCases.TC002_LoginTest - **** Finished TC002_LoginTest ****
15:25:47.117 [main] INFO  org.testng.internal.Utils - [TestNG] Running:
  /Users/madhavkharge/eclipse-workspace/SdetOpenCart/master.xml

15:25:52.886 [main] INFO  testCases.TC001_AccountRegistrationTest - **** Starting TC001_AccountRegistrationTest ****
15:25:52.935 [main] INFO  testCases.TC001_AccountRegistrationTest - clicked on MyAccount link....
15:25:53.255 [main] INFO  testCases.TC001_AccountRegistrationTest - clicked on Register link....
15:25:53.257 [main] INFO  testCases.TC001_AccountRegistrationTest - Providing customer details.... 
15:25:54.259 [main] INFO  testCases.TC001_AccountRegistrationTest - Validating expected message....
15:25:54.283 [main] INFO  testCases.TC001_AccountRegistrationTest - **** Finished TC001_AccountRegistrationTest ****
15:25:57.309 [main] INFO  testCases.TC002_LoginTest - ***** Starting TC002_LoginTest *****
15:25:58.428 [main] INFO  testCases.TC002_LoginTest - **** Finished TC002_LoginTest ****
15:26:22.357 [main] INFO  org.testng.internal.Utils - [TestNG] Running:
  /Users/madhavkharge/eclipse-workspace/SdetOpenCart/master.xml

15:27:50.120 [main] INFO  org.testng.internal.Utils - [TestNG] Running:
  /Users/madhavkharge/eclipse-workspace/SdetOpenCart/master.xml

15:28:23.352 [main] INFO  org.testng.internal.Utils - [TestNG] Running:
  /Users/madhavkharge/eclipse-workspace/SdetOpenCart/master.xml

15:34:34.900 [main] INFO  org.testng.internal.Utils - [TestNG] Running:
  /Users/madhavkharge/eclipse-workspace/SdetOpenCart/master.xml

15:41:40.802 [main] INFO  org.testng.internal.Utils - [TestNG] Running:
  /Users/madhavkharge/eclipse-workspace/SdetOpenCart/master.xml

15:50:10.764 [main] INFO  org.testng.internal.Utils - [TestNG] Running:
  /Users/madhavkharge/eclipse-workspace/SdetOpenCart/master.xml

15:52:00.509 [main] INFO  org.testng.internal.Utils - [TestNG] Running:
  /Users/madhavkharge/eclipse-workspace/SdetOpenCart/master.xml

16:02:00.429 [main] INFO  org.testng.internal.Utils - [TestNG] Running:
  /Users/madhavkharge/eclipse-workspace/SdetOpenCart/master.xml

16:02:39.823 [main] INFO  org.testng.internal.Utils - [TestNG] Running:
  /Users/madhavkharge/eclipse-workspace/SdetOpenCart/master.xml

16:02:58.638 [main] INFO  org.testng.internal.Utils - [TestNG] Running:
  /Users/madhavkharge/eclipse-workspace/SdetOpenCart/master.xml

16:40:33.435 [main] INFO  org.testng.internal.Utils - [TestNG] Running:
  /Users/madhavkharge/eclipse-workspace/SdetOpenCart/master.xml

16:41:22.161 [main] INFO  org.testng.internal.Utils - [TestNG] Running:
  /Users/madhavkharge/eclipse-workspace/SdetOpenCart/master.xml

16:41:50.668 [main] INFO  org.testng.internal.Utils - [TestNG] Running:
  /Users/madhavkharge/eclipse-workspace/SdetOpenCart/master.xml

16:41:56.005 [main] INFO  testCases.TC001_AccountRegistrationTest - **** Starting TC001_AccountRegistrationTest ****
16:41:56.081 [main] INFO  testCases.TC001_AccountRegistrationTest - clicked on MyAccount link....
16:41:56.408 [main] INFO  testCases.TC001_AccountRegistrationTest - clicked on Register link....
16:41:56.410 [main] INFO  testCases.TC001_AccountRegistrationTest - Providing customer details.... 
16:41:57.321 [main] INFO  testCases.TC001_AccountRegistrationTest - Validating expected message....
16:41:57.345 [main] INFO  testCases.TC001_AccountRegistrationTest - **** Finished TC001_AccountRegistrationTest ****
16:42:00.712 [main] INFO  testCases.TC002_LoginTest - ***** Starting TC002_LoginTest *****
16:42:01.870 [main] INFO  testCases.TC002_LoginTest - **** Finished TC002_LoginTest ****
16:44:11.519 [main] INFO  org.testng.internal.Utils - [TestNG] Running:
  /Users/madhavkharge/eclipse-workspace/SdetOpenCart/master.xml

16:44:14.122 [main] INFO  testCases.TC001_AccountRegistrationTest - **** Starting TC001_AccountRegistrationTest ****
16:44:14.183 [main] INFO  testCases.TC001_AccountRegistrationTest - clicked on MyAccount link....
16:44:14.752 [main] INFO  testCases.TC001_AccountRegistrationTest - clicked on Register link....
16:44:14.754 [main] INFO  testCases.TC001_AccountRegistrationTest - Providing customer details.... 
16:44:15.817 [main] INFO  testCases.TC001_AccountRegistrationTest - Validating expected message....
16:44:15.845 [main] INFO  testCases.TC001_AccountRegistrationTest - **** Finished TC001_AccountRegistrationTest ****
16:44:18.693 [main] INFO  testCases.TC002_LoginTest - ***** Starting TC002_LoginTest *****
16:44:20.195 [main] INFO  testCases.TC002_LoginTest - **** Finished TC002_LoginTest ****
13:09:33.994 [main] INFO  org.testng.internal.Utils - [TestNG] Running:
  /Users/madhavkharge/eclipse-workspace/SdetOpenCart/master.xml

13:21:56.451 [main] INFO  org.testng.internal.Utils - [TestNG] Running:
  /Users/madhavkharge/eclipse-workspace/SdetOpenCart/master.xml

13:22:40.663 [main] INFO  org.testng.internal.Utils - [TestNG] Running:
  /Users/madhavkharge/eclipse-workspace/SdetOpenCart/master.xml

13:22:44.268 [main] INFO  testCases.TC001_AccountRegistrationTest - **** Starting TC001_AccountRegistrationTest ****
13:22:44.315 [main] INFO  testCases.TC001_AccountRegistrationTest - clicked on MyAccount link....
13:22:44.640 [main] INFO  testCases.TC001_AccountRegistrationTest - clicked on Register link....
13:22:44.642 [main] INFO  testCases.TC001_AccountRegistrationTest - Providing customer details.... 
13:22:45.638 [main] INFO  testCases.TC001_AccountRegistrationTest - Validating expected message....
13:22:45.665 [main] INFO  testCases.TC001_AccountRegistrationTest - **** Finished TC001_AccountRegistrationTest ****
13:22:47.960 [main] INFO  testCases.TC002_LoginTest - ***** Starting TC002_LoginTest *****
13:22:49.243 [main] INFO  testCases.TC002_LoginTest - **** Finished TC002_LoginTest ****
13:24:29.564 [main] INFO  org.testng.internal.Utils - [TestNG] Running:
  /Users/madhavkharge/eclipse-workspace/SdetOpenCart/master.xml

13:24:29.675 [main] INFO  testCases.TC001_AccountRegistrationTest - Trying to connect to Selenium Grid at http://192.168.0.106:4444/wd/hub with browser: chrome
13:27:29.875 [main] INFO  testCases.TC002_LoginTest - Trying to connect to Selenium Grid at http://192.168.0.106:4444/wd/hub with browser: chrome
17:06:09.872 [main] INFO  testCases.TC001_AccountRegistrationTest - **** Starting TC001_AccountRegistrationTest ****
17:06:09.931 [main] INFO  testCases.TC001_AccountRegistrationTest - clicked on MyAccount link....
17:06:10.300 [main] INFO  testCases.TC001_AccountRegistrationTest - clicked on Register link....
17:06:10.302 [main] INFO  testCases.TC001_AccountRegistrationTest - Providing customer details.... 
17:06:10.586 [main] INFO  testCases.TC001_AccountRegistrationTest - Validating expected message....
17:06:11.357 [main] INFO  testCases.TC001_AccountRegistrationTest - **** Finished TC001_AccountRegistrationTest ****
17:06:13.409 [main] INFO  testCases.TC002_LoginTest - ***** Starting TC002_LoginTest *****
17:06:14.540 [main] INFO  testCases.TC002_LoginTest - **** Finished TC002_LoginTest ****
18:17:26.369 [main] INFO  testCases.TC001_AccountRegistrationTest - **** Starting TC001_AccountRegistrationTest ****
18:17:26.416 [main] INFO  testCases.TC001_AccountRegistrationTest - clicked on MyAccount link....
18:17:26.746 [main] INFO  testCases.TC001_AccountRegistrationTest - clicked on Register link....
18:17:26.748 [main] INFO  testCases.TC001_AccountRegistrationTest - Providing customer details.... 
18:17:27.831 [main] INFO  testCases.TC001_AccountRegistrationTest - Validating expected message....
18:17:27.855 [main] INFO  testCases.TC001_AccountRegistrationTest - **** Finished TC001_AccountRegistrationTest ****
18:17:29.954 [main] INFO  testCases.TC002_LoginTest - ***** Starting TC002_LoginTest *****
18:17:31.003 [main] INFO  testCases.TC002_LoginTest - **** Finished TC002_LoginTest ****
